{"/Users/BRANCO21/Desktop/Dev/community-proxy/src/app.ts": {"path":"/Users/BRANCO21/Desktop/Dev/community-proxy/src/app.ts","statementMap":{"0":{"start":{"line":1,"column":0},"end":{"line":1,"column":30}},"1":{"start":{"line":2,"column":0},"end":{"line":2,"column":34}},"2":{"start":{"line":4,"column":13},"end":{"line":4,"column":29}},"3":{"start":{"line":6,"column":0},"end":{"line":6,"column":21}}},"fnMap":{},"branchMap":{},"s":{"0":0,"1":0,"2":0,"3":0},"f":{},"b":{}}
,"/Users/BRANCO21/Desktop/Dev/community-proxy/src/router.ts": {"path":"/Users/BRANCO21/Desktop/Dev/community-proxy/src/router.ts","statementMap":{"0":{"start":{"line":1,"column":0},"end":{"line":1,"column":33}},"1":{"start":{"line":2,"column":0},"end":{"line":2,"column":49}},"2":{"start":{"line":4,"column":13},"end":{"line":4,"column":31}},"3":{"start":{"line":6,"column":0},"end":{"line":6,"column":28}}},"fnMap":{},"branchMap":{},"s":{"0":0,"1":0,"2":0,"3":0},"f":{},"b":{}}
,"/Users/BRANCO21/Desktop/Dev/community-proxy/src/shared/helpers/array.helper.ts": {"path":"/Users/BRANCO21/Desktop/Dev/community-proxy/src/shared/helpers/array.helper.ts","statementMap":{"0":{"start":{"line":1,"column":17},"end":{"line":18,"column":1}},"1":{"start":{"line":2,"column":13},"end":{"line":2,"column":17}},"2":{"start":{"line":3,"column":14},"end":{"line":3,"column":15}},"3":{"start":{"line":4,"column":2},"end":{"line":15,"column":null}},"4":{"start":{"line":5,"column":4},"end":{"line":5,"column":27}},"5":{"start":{"line":5,"column":15},"end":{"line":5,"column":27}},"6":{"start":{"line":7,"column":16},"end":{"line":7,"column":27}},"7":{"start":{"line":9,"column":4},"end":{"line":14,"column":null}},"8":{"start":{"line":10,"column":6},"end":{"line":10,"column":23}},"9":{"start":{"line":11,"column":6},"end":{"line":11,"column":14}},"10":{"start":{"line":13,"column":6},"end":{"line":13,"column":18}},"11":{"start":{"line":17,"column":2},"end":{"line":17,"column":14}},"12":{"start":{"line":20,"column":21},"end":{"line":32,"column":1}},"13":{"start":{"line":25,"column":23},"end":{"line":25,"column":72}},"14":{"start":{"line":25,"column":49},"end":{"line":25,"column":71}},"15":{"start":{"line":27,"column":21},"end":{"line":28,"column":null}},"16":{"start":{"line":28,"column":19},"end":{"line":28,"column":65}},"17":{"start":{"line":31,"column":2},"end":{"line":31,"column":35}},"18":{"start":{"line":34,"column":13},"end":{"line":37,"column":2}}},"fnMap":{"0":{"name":"(anonymous_0)","decl":{"start":{"line":1,"column":17},"end":{"line":1,"column":18}},"loc":{"start":{"line":1,"column":52},"end":{"line":18,"column":1}}},"1":{"name":"(anonymous_1)","decl":{"start":{"line":20,"column":21},"end":{"line":20,"column":null}},"loc":{"start":{"line":24,"column":14},"end":{"line":32,"column":1}}},"2":{"name":"(anonymous_2)","decl":{"start":{"line":25,"column":34},"end":{"line":25,"column":35}},"loc":{"start":{"line":25,"column":49},"end":{"line":25,"column":71}}},"3":{"name":"(anonymous_3)","decl":{"start":{"line":28,"column":4},"end":{"line":28,"column":5}},"loc":{"start":{"line":28,"column":19},"end":{"line":28,"column":65}}}},"branchMap":{"0":{"loc":{"start":{"line":5,"column":4},"end":{"line":5,"column":27}},"type":"if","locations":[{"start":{"line":5,"column":4},"end":{"line":5,"column":27}},{"start":{"line":5,"column":4},"end":{"line":5,"column":27}}]},"1":{"loc":{"start":{"line":9,"column":4},"end":{"line":14,"column":null}},"type":"if","locations":[{"start":{"line":9,"column":4},"end":{"line":14,"column":null}},{"start":{"line":9,"column":4},"end":{"line":14,"column":null}}]}},"s":{"0":1,"1":11,"2":11,"3":11,"4":14,"5":2,"6":12,"7":12,"8":9,"9":9,"10":3,"11":6,"12":1,"13":2,"14":2,"15":2,"16":2,"17":2,"18":1},"f":{"0":11,"1":2,"2":2,"3":2},"b":{"0":[2,12],"1":[9,3]}}
,"/Users/BRANCO21/Desktop/Dev/community-proxy/src/shared/helpers/date.helper.ts": {"path":"/Users/BRANCO21/Desktop/Dev/community-proxy/src/shared/helpers/date.helper.ts","statementMap":{"0":{"start":{"line":1,"column":18},"end":{"line":3,"column":1}},"1":{"start":{"line":2,"column":2},"end":{"line":2,"column":71}},"2":{"start":{"line":5,"column":20},"end":{"line":11,"column":1}},"3":{"start":{"line":6,"column":18},"end":{"line":6,"column":32}},"4":{"start":{"line":7,"column":18},"end":{"line":7,"column":49}},"5":{"start":{"line":8,"column":2},"end":{"line":8,"column":27}},"6":{"start":{"line":10,"column":2},"end":{"line":10,"column":17}},"7":{"start":{"line":13,"column":22},"end":{"line":21,"column":1}},"8":{"start":{"line":14,"column":13},"end":{"line":14,"column":43}},"9":{"start":{"line":15,"column":2},"end":{"line":15,"column":37}},"10":{"start":{"line":17,"column":2},"end":{"line":20,"column":4}},"11":{"start":{"line":23,"column":23},"end":{"line":44,"column":1}},"12":{"start":{"line":27,"column":2},"end":{"line":27,"column":35}},"13":{"start":{"line":27,"column":25},"end":{"line":27,"column":35}},"14":{"start":{"line":28,"column":2},"end":{"line":28,"column":33}},"15":{"start":{"line":28,"column":23},"end":{"line":28,"column":33}},"16":{"start":{"line":30,"column":17},"end":{"line":30,"column":19}},"17":{"start":{"line":31,"column":13},"end":{"line":31,"column":45}},"18":{"start":{"line":33,"column":2},"end":{"line":41,"column":null}},"19":{"start":{"line":33,"column":15},"end":{"line":33,"column":16}},"20":{"start":{"line":34,"column":16},"end":{"line":34,"column":48}},"21":{"start":{"line":35,"column":4},"end":{"line":35,"column":23}},"22":{"start":{"line":36,"column":4},"end":{"line":40,"column":6}},"23":{"start":{"line":43,"column":2},"end":{"line":43,"column":16}},"24":{"start":{"line":46,"column":15},"end":{"line":46,"column":34}},"25":{"start":{"line":48,"column":15},"end":{"line":50,"column":1}},"26":{"start":{"line":49,"column":2},"end":{"line":49,"column":65}},"27":{"start":{"line":52,"column":13},"end":{"line":58,"column":2}}},"fnMap":{"0":{"name":"(anonymous_0)","decl":{"start":{"line":1,"column":18},"end":{"line":1,"column":19}},"loc":{"start":{"line":1,"column":39},"end":{"line":3,"column":1}}},"1":{"name":"(anonymous_1)","decl":{"start":{"line":5,"column":20},"end":{"line":5,"column":21}},"loc":{"start":{"line":5,"column":62},"end":{"line":11,"column":1}}},"2":{"name":"(anonymous_2)","decl":{"start":{"line":13,"column":22},"end":{"line":13,"column":23}},"loc":{"start":{"line":13,"column":66},"end":{"line":21,"column":1}}},"3":{"name":"(anonymous_3)","decl":{"start":{"line":23,"column":23},"end":{"line":23,"column":null}},"loc":{"start":{"line":26,"column":14},"end":{"line":44,"column":1}}},"4":{"name":"(anonymous_4)","decl":{"start":{"line":48,"column":15},"end":{"line":48,"column":16}},"loc":{"start":{"line":48,"column":44},"end":{"line":50,"column":1}}}},"branchMap":{"0":{"loc":{"start":{"line":27,"column":2},"end":{"line":27,"column":35}},"type":"if","locations":[{"start":{"line":27,"column":2},"end":{"line":27,"column":35}},{"start":{"line":27,"column":2},"end":{"line":27,"column":35}}]},"1":{"loc":{"start":{"line":28,"column":2},"end":{"line":28,"column":33}},"type":"if","locations":[{"start":{"line":28,"column":2},"end":{"line":28,"column":33}},{"start":{"line":28,"column":2},"end":{"line":28,"column":33}}]}},"s":{"0":1,"1":6,"2":1,"3":8,"4":8,"5":8,"6":8,"7":1,"8":8,"9":8,"10":8,"11":1,"12":8,"13":2,"14":6,"15":2,"16":4,"17":4,"18":4,"19":4,"20":8,"21":8,"22":8,"23":4,"24":1,"25":1,"26":15,"27":1},"f":{"0":6,"1":8,"2":8,"3":8,"4":15},"b":{"0":[2,6],"1":[2,4]}}
,"/Users/BRANCO21/Desktop/Dev/community-proxy/src/v1/router.ts": {"path":"/Users/BRANCO21/Desktop/Dev/community-proxy/src/v1/router.ts","statementMap":{"0":{"start":{"line":1,"column":0},"end":{"line":1,"column":33}},"1":{"start":{"line":2,"column":0},"end":{"line":2,"column":null}},"2":{"start":{"line":6,"column":0},"end":{"line":6,"column":null}},"3":{"start":{"line":10,"column":0},"end":{"line":10,"column":83}},"4":{"start":{"line":11,"column":0},"end":{"line":11,"column":89}},"5":{"start":{"line":12,"column":0},"end":{"line":12,"column":89}},"6":{"start":{"line":13,"column":0},"end":{"line":13,"column":65}},"7":{"start":{"line":14,"column":0},"end":{"line":14,"column":89}},"8":{"start":{"line":15,"column":0},"end":{"line":15,"column":76}},"9":{"start":{"line":16,"column":0},"end":{"line":16,"column":64}},"10":{"start":{"line":17,"column":0},"end":{"line":17,"column":84}},"11":{"start":{"line":18,"column":0},"end":{"line":18,"column":69}},"12":{"start":{"line":19,"column":0},"end":{"line":19,"column":86}},"13":{"start":{"line":20,"column":0},"end":{"line":20,"column":66}},"14":{"start":{"line":21,"column":0},"end":{"line":21,"column":82}},"15":{"start":{"line":22,"column":0},"end":{"line":22,"column":68}},"16":{"start":{"line":23,"column":0},"end":{"line":23,"column":94}},"17":{"start":{"line":24,"column":0},"end":{"line":24,"column":74}},"18":{"start":{"line":25,"column":0},"end":{"line":25,"column":74}},"19":{"start":{"line":26,"column":0},"end":{"line":26,"column":85}},"20":{"start":{"line":27,"column":0},"end":{"line":27,"column":97}},"21":{"start":{"line":28,"column":0},"end":{"line":28,"column":103}},"22":{"start":{"line":30,"column":13},"end":{"line":30,"column":31}},"23":{"start":{"line":32,"column":0},"end":{"line":32,"column":34}},"24":{"start":{"line":33,"column":0},"end":{"line":33,"column":40}},"25":{"start":{"line":34,"column":0},"end":{"line":34,"column":31}},"26":{"start":{"line":35,"column":0},"end":{"line":35,"column":32}},"27":{"start":{"line":36,"column":0},"end":{"line":36,"column":27}},"28":{"start":{"line":37,"column":0},"end":{"line":37,"column":38}},"29":{"start":{"line":38,"column":0},"end":{"line":38,"column":36}},"30":{"start":{"line":39,"column":0},"end":{"line":39,"column":29}},"31":{"start":{"line":40,"column":0},"end":{"line":40,"column":36}},"32":{"start":{"line":41,"column":0},"end":{"line":41,"column":52}},"33":{"start":{"line":42,"column":0},"end":{"line":42,"column":50}},"34":{"start":{"line":43,"column":0},"end":{"line":43,"column":38}},"35":{"start":{"line":44,"column":0},"end":{"line":44,"column":35}},"36":{"start":{"line":45,"column":0},"end":{"line":45,"column":49}},"37":{"start":{"line":46,"column":0},"end":{"line":46,"column":36}},"38":{"start":{"line":47,"column":0},"end":{"line":47,"column":52}},"39":{"start":{"line":48,"column":0},"end":{"line":48,"column":54}},"40":{"start":{"line":49,"column":0},"end":{"line":49,"column":69}},"41":{"start":{"line":50,"column":0},"end":{"line":50,"column":69}},"42":{"start":{"line":51,"column":0},"end":{"line":51,"column":52}},"43":{"start":{"line":52,"column":0},"end":{"line":52,"column":46}},"44":{"start":{"line":53,"column":0},"end":{"line":53,"column":55}},"45":{"start":{"line":54,"column":0},"end":{"line":57,"column":2}},"46":{"start":{"line":58,"column":0},"end":{"line":61,"column":2}},"47":{"start":{"line":63,"column":0},"end":{"line":63,"column":29}},"48":{"start":{"line":65,"column":0},"end":{"line":65,"column":35}}},"fnMap":{},"branchMap":{},"s":{"0":0,"1":0,"2":0,"3":0,"4":0,"5":0,"6":0,"7":0,"8":0,"9":0,"10":0,"11":0,"12":0,"13":0,"14":0,"15":0,"16":0,"17":0,"18":0,"19":0,"20":0,"21":0,"22":0,"23":0,"24":0,"25":0,"26":0,"27":0,"28":0,"29":0,"30":0,"31":0,"32":0,"33":0,"34":0,"35":0,"36":0,"37":0,"38":0,"39":0,"40":0,"41":0,"42":0,"43":0,"44":0,"45":0,"46":0,"47":0,"48":0},"f":{},"b":{}}
,"/Users/BRANCO21/Desktop/Dev/community-proxy/src/v1/endpoints/authentication/authentication.controller.ts": {"path":"/Users/BRANCO21/Desktop/Dev/community-proxy/src/v1/endpoints/authentication/authentication.controller.ts","statementMap":{"0":{"start":{"line":2,"column":0},"end":{"line":2,"column":93}},"1":{"start":{"line":4,"column":21},"end":{"line":8,"column":1}},"2":{"start":{"line":5,"column":16},"end":{"line":5,"column":61}},"3":{"start":{"line":7,"column":2},"end":{"line":7,"column":18}},"4":{"start":{"line":10,"column":21},"end":{"line":14,"column":1}},"5":{"start":{"line":11,"column":16},"end":{"line":11,"column":61}},"6":{"start":{"line":13,"column":2},"end":{"line":13,"column":18}},"7":{"start":{"line":16,"column":13},"end":{"line":19,"column":2}}},"fnMap":{"0":{"name":"(anonymous_0)","decl":{"start":{"line":4,"column":21},"end":{"line":4,"column":26}},"loc":{"start":{"line":4,"column":75},"end":{"line":8,"column":1}}},"1":{"name":"(anonymous_1)","decl":{"start":{"line":10,"column":21},"end":{"line":10,"column":26}},"loc":{"start":{"line":10,"column":75},"end":{"line":14,"column":1}}}},"branchMap":{},"s":{"0":0,"1":0,"2":0,"3":0,"4":0,"5":0,"6":0,"7":0},"f":{"0":0,"1":0},"b":{}}
,"/Users/BRANCO21/Desktop/Dev/community-proxy/src/v1/endpoints/authentication/authentication.endpoint.ts": {"path":"/Users/BRANCO21/Desktop/Dev/community-proxy/src/v1/endpoints/authentication/authentication.endpoint.ts","statementMap":{"0":{"start":{"line":1,"column":0},"end":{"line":1,"column":33}},"1":{"start":{"line":2,"column":0},"end":{"line":2,"column":71}},"2":{"start":{"line":4,"column":13},"end":{"line":4,"column":47}},"3":{"start":{"line":5,"column":13},"end":{"line":5,"column":54}},"4":{"start":{"line":7,"column":0},"end":{"line":7,"column":79}},"5":{"start":{"line":8,"column":0},"end":{"line":8,"column":72}}},"fnMap":{},"branchMap":{},"s":{"0":0,"1":0,"2":0,"3":0,"4":0,"5":0},"f":{},"b":{}}
,"/Users/BRANCO21/Desktop/Dev/community-proxy/src/v1/endpoints/booxi-events/booxi-events.controller.ts": {"path":"/Users/BRANCO21/Desktop/Dev/community-proxy/src/v1/endpoints/booxi-events/booxi-events.controller.ts","statementMap":{"0":{"start":{"line":2,"column":0},"end":{"line":2,"column":75}},"1":{"start":{"line":4,"column":13},"end":{"line":11,"column":2}},"2":{"start":{"line":8,"column":17},"end":{"line":8,"column":51}},"3":{"start":{"line":10,"column":2},"end":{"line":10,"column":19}}},"fnMap":{"0":{"name":"(anonymous_0)","decl":{"start":{"line":4,"column":25},"end":{"line":4,"column":30}},"loc":{"start":{"line":7,"column":4},"end":{"line":11,"column":1}}}},"branchMap":{},"s":{"0":0,"1":0,"2":0,"3":0},"f":{"0":0},"b":{}}
,"/Users/BRANCO21/Desktop/Dev/community-proxy/src/v1/endpoints/booxi-events/booxi-events.endpoint.ts": {"path":"/Users/BRANCO21/Desktop/Dev/community-proxy/src/v1/endpoints/booxi-events/booxi-events.endpoint.ts","statementMap":{"0":{"start":{"line":1,"column":0},"end":{"line":1,"column":33}},"1":{"start":{"line":2,"column":0},"end":{"line":2,"column":54}},"2":{"start":{"line":4,"column":13},"end":{"line":4,"column":42}},"3":{"start":{"line":6,"column":0},"end":{"line":6,"column":38}}},"fnMap":{},"branchMap":{},"s":{"0":0,"1":0,"2":0,"3":0},"f":{},"b":{}}
,"/Users/BRANCO21/Desktop/Dev/community-proxy/src/v1/endpoints/booxi-events-details/booxi-events-details.controller.ts": {"path":"/Users/BRANCO21/Desktop/Dev/community-proxy/src/v1/endpoints/booxi-events-details/booxi-events-details.controller.ts","statementMap":{"0":{"start":{"line":2,"column":0},"end":{"line":2,"column":91}},"1":{"start":{"line":4,"column":13},"end":{"line":11,"column":2}},"2":{"start":{"line":8,"column":24},"end":{"line":8,"column":59}},"3":{"start":{"line":10,"column":2},"end":{"line":10,"column":26}},"4":{"start":{"line":13,"column":13},"end":{"line":22,"column":2}},"5":{"start":{"line":17,"column":43},"end":{"line":18,"column":null}},"6":{"start":{"line":21,"column":2},"end":{"line":21,"column":45}}},"fnMap":{"0":{"name":"(anonymous_0)","decl":{"start":{"line":4,"column":32},"end":{"line":4,"column":37}},"loc":{"start":{"line":7,"column":4},"end":{"line":11,"column":1}}},"1":{"name":"(anonymous_1)","decl":{"start":{"line":13,"column":51},"end":{"line":13,"column":56}},"loc":{"start":{"line":16,"column":4},"end":{"line":22,"column":1}}}},"branchMap":{},"s":{"0":0,"1":0,"2":0,"3":0,"4":0,"5":0,"6":0},"f":{"0":0,"1":0},"b":{}}
,"/Users/BRANCO21/Desktop/Dev/community-proxy/src/v1/endpoints/booxi-events-details/booxi-events-details.endpoint.ts": {"path":"/Users/BRANCO21/Desktop/Dev/community-proxy/src/v1/endpoints/booxi-events-details/booxi-events-details.endpoint.ts","statementMap":{"0":{"start":{"line":1,"column":0},"end":{"line":1,"column":33}},"1":{"start":{"line":2,"column":0},"end":{"line":2,"column":null}},"2":{"start":{"line":7,"column":13},"end":{"line":7,"column":49}},"3":{"start":{"line":8,"column":13},"end":{"line":8,"column":68}},"4":{"start":{"line":10,"column":0},"end":{"line":10,"column":52}},"5":{"start":{"line":11,"column":0},"end":{"line":14,"column":2}}},"fnMap":{},"branchMap":{},"s":{"0":0,"1":0,"2":0,"3":0,"4":0,"5":0},"f":{},"b":{}}
,"/Users/BRANCO21/Desktop/Dev/community-proxy/src/v1/endpoints/communication/communication.controller.ts": {"path":"/Users/BRANCO21/Desktop/Dev/community-proxy/src/v1/endpoints/communication/communication.controller.ts","statementMap":{"0":{"start":{"line":2,"column":0},"end":{"line":2,"column":79}},"1":{"start":{"line":4,"column":13},"end":{"line":7,"column":2}},"2":{"start":{"line":5,"column":2},"end":{"line":5,"column":38}},"3":{"start":{"line":6,"column":2},"end":{"line":6,"column":24}},"4":{"start":{"line":9,"column":13},"end":{"line":12,"column":2}},"5":{"start":{"line":10,"column":2},"end":{"line":10,"column":42}},"6":{"start":{"line":11,"column":2},"end":{"line":11,"column":24}}},"fnMap":{"0":{"name":"(anonymous_0)","decl":{"start":{"line":4,"column":32},"end":{"line":4,"column":37}},"loc":{"start":{"line":4,"column":70},"end":{"line":7,"column":1}}},"1":{"name":"(anonymous_1)","decl":{"start":{"line":9,"column":36},"end":{"line":9,"column":41}},"loc":{"start":{"line":9,"column":74},"end":{"line":12,"column":1}}}},"branchMap":{},"s":{"0":0,"1":0,"2":0,"3":0,"4":0,"5":0,"6":0},"f":{"0":0,"1":0},"b":{}}
,"/Users/BRANCO21/Desktop/Dev/community-proxy/src/v1/endpoints/communication/communication.endpoint.ts": {"path":"/Users/BRANCO21/Desktop/Dev/community-proxy/src/v1/endpoints/communication/communication.endpoint.ts","statementMap":{"0":{"start":{"line":1,"column":0},"end":{"line":1,"column":33}},"1":{"start":{"line":2,"column":0},"end":{"line":2,"column":null}},"2":{"start":{"line":7,"column":13},"end":{"line":7,"column":46}},"3":{"start":{"line":9,"column":0},"end":{"line":9,"column":61}},"4":{"start":{"line":11,"column":0},"end":{"line":11,"column":69}}},"fnMap":{},"branchMap":{},"s":{"0":0,"1":0,"2":0,"3":0,"4":0},"f":{},"b":{}}
,"/Users/BRANCO21/Desktop/Dev/community-proxy/src/v1/endpoints/configuration/configuration.controller.ts": {"path":"/Users/BRANCO21/Desktop/Dev/community-proxy/src/v1/endpoints/configuration/configuration.controller.ts","statementMap":{"0":{"start":{"line":2,"column":0},"end":{"line":2,"column":112}},"1":{"start":{"line":4,"column":13},"end":{"line":11,"column":2}},"2":{"start":{"line":8,"column":24},"end":{"line":8,"column":59}},"3":{"start":{"line":10,"column":2},"end":{"line":10,"column":26}}},"fnMap":{"0":{"name":"(anonymous_0)","decl":{"start":{"line":4,"column":32},"end":{"line":4,"column":37}},"loc":{"start":{"line":7,"column":4},"end":{"line":11,"column":1}}}},"branchMap":{},"s":{"0":0,"1":0,"2":0,"3":0},"f":{"0":0},"b":{}}
,"/Users/BRANCO21/Desktop/Dev/community-proxy/src/v1/endpoints/configuration/configuration.endpoint.ts": {"path":"/Users/BRANCO21/Desktop/Dev/community-proxy/src/v1/endpoints/configuration/configuration.endpoint.ts","statementMap":{"0":{"start":{"line":1,"column":0},"end":{"line":1,"column":33}},"1":{"start":{"line":2,"column":0},"end":{"line":2,"column":62}},"2":{"start":{"line":4,"column":13},"end":{"line":4,"column":46}},"3":{"start":{"line":6,"column":0},"end":{"line":6,"column":49}}},"fnMap":{},"branchMap":{},"s":{"0":0,"1":0,"2":0,"3":0},"f":{},"b":{}}
,"/Users/BRANCO21/Desktop/Dev/community-proxy/src/v1/endpoints/geoip/geoip.controller.ts": {"path":"/Users/BRANCO21/Desktop/Dev/community-proxy/src/v1/endpoints/geoip/geoip.controller.ts","statementMap":{"0":{"start":{"line":2,"column":0},"end":{"line":2,"column":42}},"1":{"start":{"line":3,"column":0},"end":{"line":3,"column":24}},"2":{"start":{"line":4,"column":0},"end":{"line":4,"column":86}},"3":{"start":{"line":6,"column":24},"end":{"line":7,"column":63}},"4":{"start":{"line":7,"column":2},"end":{"line":7,"column":63}},"5":{"start":{"line":9,"column":22},"end":{"line":28,"column":1}},"6":{"start":{"line":15,"column":2},"end":{"line":17,"column":null}},"7":{"start":{"line":16,"column":4},"end":{"line":16,"column":14}},"8":{"start":{"line":19,"column":20},"end":{"line":19,"column":40}},"9":{"start":{"line":20,"column":17},"end":{"line":20,"column":55}},"10":{"start":{"line":22,"column":2},"end":{"line":27,"column":4}},"11":{"start":{"line":30,"column":13},"end":{"line":40,"column":2}},"12":{"start":{"line":31,"column":19},"end":{"line":31,"column":48}},"13":{"start":{"line":32,"column":28},"end":{"line":32,"column":56}},"14":{"start":{"line":34,"column":23},"end":{"line":34,"column":40}},"15":{"start":{"line":36,"column":2},"end":{"line":39,"column":5}},"16":{"start":{"line":37,"column":19},"end":{"line":37,"column":70}},"17":{"start":{"line":38,"column":4},"end":{"line":38,"column":21}}},"fnMap":{"0":{"name":"(anonymous_1)","decl":{"start":{"line":6,"column":24},"end":{"line":6,"column":27}},"loc":{"start":{"line":7,"column":2},"end":{"line":7,"column":63}}},"1":{"name":"(anonymous_2)","decl":{"start":{"line":9,"column":22},"end":{"line":9,"column":null}},"loc":{"start":{"line":14,"column":4},"end":{"line":28,"column":1}}},"2":{"name":"(anonymous_3)","decl":{"start":{"line":30,"column":24},"end":{"line":30,"column":29}},"loc":{"start":{"line":30,"column":78},"end":{"line":40,"column":1}}},"3":{"name":"(anonymous_4)","decl":{"start":{"line":36,"column":29},"end":{"line":36,"column":30}},"loc":{"start":{"line":36,"column":65},"end":{"line":39,"column":3}}}},"branchMap":{"0":{"loc":{"start":{"line":15,"column":2},"end":{"line":17,"column":null}},"type":"if","locations":[{"start":{"line":15,"column":2},"end":{"line":17,"column":null}},{"start":{"line":15,"column":2},"end":{"line":17,"column":null}}]},"1":{"loc":{"start":{"line":20,"column":17},"end":{"line":20,"column":26}},"type":"binary-expr","locations":[{"start":{"line":20,"column":17},"end":{"line":20,"column":26}},{"start":{"line":20,"column":30},"end":{"line":20,"column":55}}]},"2":{"loc":{"start":{"line":26,"column":25},"end":{"line":26,"column":33}},"type":"cond-expr","locations":[{"start":{"line":26,"column":25},"end":{"line":26,"column":33}},{"start":{"line":26,"column":36},"end":{"line":26,"column":49}}]}},"s":{"0":0,"1":0,"2":0,"3":0,"4":0,"5":0,"6":0,"7":0,"8":0,"9":0,"10":0,"11":0,"12":0,"13":0,"14":0,"15":0,"16":0,"17":0},"f":{"0":0,"1":0,"2":0,"3":0},"b":{"0":[0,0],"1":[0,0],"2":[0,0]}}
,"/Users/BRANCO21/Desktop/Dev/community-proxy/src/v1/endpoints/geoip/geoip.endpoint.ts": {"path":"/Users/BRANCO21/Desktop/Dev/community-proxy/src/v1/endpoints/geoip/geoip.endpoint.ts","statementMap":{"0":{"start":{"line":1,"column":0},"end":{"line":1,"column":33}},"1":{"start":{"line":2,"column":0},"end":{"line":2,"column":46}},"2":{"start":{"line":4,"column":13},"end":{"line":4,"column":38}},"3":{"start":{"line":6,"column":0},"end":{"line":6,"column":33}}},"fnMap":{},"branchMap":{},"s":{"0":0,"1":0,"2":0,"3":0},"f":{},"b":{}}
,"/Users/BRANCO21/Desktop/Dev/community-proxy/src/v1/endpoints/global-events/global-events.controller.ts": {"path":"/Users/BRANCO21/Desktop/Dev/community-proxy/src/v1/endpoints/global-events/global-events.controller.ts","statementMap":{"0":{"start":{"line":2,"column":0},"end":{"line":2,"column":90}},"1":{"start":{"line":4,"column":13},"end":{"line":19,"column":2}},"2":{"start":{"line":5,"column":24},"end":{"line":5,"column":52}},"3":{"start":{"line":6,"column":21},"end":{"line":6,"column":43}},"4":{"start":{"line":7,"column":17},"end":{"line":7,"column":35}},"5":{"start":{"line":8,"column":2},"end":{"line":18,"column":null}},"6":{"start":{"line":9,"column":18},"end":{"line":9,"column":45}},"7":{"start":{"line":10,"column":17},"end":{"line":13,"column":null}},"8":{"start":{"line":15,"column":4},"end":{"line":15,"column":31}},"9":{"start":{"line":17,"column":4},"end":{"line":17,"column":26}}},"fnMap":{"0":{"name":"(anonymous_0)","decl":{"start":{"line":4,"column":29},"end":{"line":4,"column":34}},"loc":{"start":{"line":4,"column":67},"end":{"line":19,"column":1}}}},"branchMap":{"0":{"loc":{"start":{"line":8,"column":2},"end":{"line":18,"column":null}},"type":"if","locations":[{"start":{"line":8,"column":2},"end":{"line":18,"column":null}},{"start":{"line":8,"column":2},"end":{"line":18,"column":null}}]},"1":{"loc":{"start":{"line":8,"column":6},"end":{"line":8,"column":19}},"type":"binary-expr","locations":[{"start":{"line":8,"column":6},"end":{"line":8,"column":19}},{"start":{"line":8,"column":23},"end":{"line":8,"column":33}},{"start":{"line":8,"column":37},"end":{"line":8,"column":43}}]}},"s":{"0":0,"1":0,"2":0,"3":0,"4":0,"5":0,"6":0,"7":0,"8":0,"9":0},"f":{"0":0},"b":{"0":[0,0],"1":[0,0,0]}}
,"/Users/BRANCO21/Desktop/Dev/community-proxy/src/v1/endpoints/global-events/global-events.endpoint.ts": {"path":"/Users/BRANCO21/Desktop/Dev/community-proxy/src/v1/endpoints/global-events/global-events.endpoint.ts","statementMap":{"0":{"start":{"line":1,"column":0},"end":{"line":1,"column":33}},"1":{"start":{"line":2,"column":0},"end":{"line":2,"column":59}},"2":{"start":{"line":4,"column":13},"end":{"line":4,"column":46}},"3":{"start":{"line":6,"column":0},"end":{"line":6,"column":52}}},"fnMap":{},"branchMap":{},"s":{"0":0,"1":0,"2":0,"3":0},"f":{},"b":{}}
,"/Users/BRANCO21/Desktop/Dev/community-proxy/src/v1/endpoints/not-found/not-found.endpoint.ts": {"path":"/Users/BRANCO21/Desktop/Dev/community-proxy/src/v1/endpoints/not-found/not-found.endpoint.ts","statementMap":{"0":{"start":{"line":1,"column":13},"end":{"line":6,"column":2}},"1":{"start":{"line":2,"column":2},"end":{"line":5,"column":4}}},"fnMap":{"0":{"name":"(anonymous_0)","decl":{"start":{"line":1,"column":32},"end":{"line":1,"column":35}},"loc":{"start":{"line":1,"column":37},"end":{"line":6,"column":1}}}},"branchMap":{},"s":{"0":0,"1":0},"f":{"0":0},"b":{}}
,"/Users/BRANCO21/Desktop/Dev/community-proxy/src/v1/endpoints/ping/ping.controllers.ts": {"path":"/Users/BRANCO21/Desktop/Dev/community-proxy/src/v1/endpoints/ping/ping.controllers.ts","statementMap":{"0":{"start":{"line":3,"column":13},"end":{"line":5,"column":2}},"1":{"start":{"line":4,"column":2},"end":{"line":4,"column":29}}},"fnMap":{"0":{"name":"(anonymous_0)","decl":{"start":{"line":3,"column":23},"end":{"line":3,"column":28}},"loc":{"start":{"line":3,"column":61},"end":{"line":5,"column":1}}}},"branchMap":{},"s":{"0":0,"1":0},"f":{"0":0},"b":{}}
,"/Users/BRANCO21/Desktop/Dev/community-proxy/src/v1/endpoints/ping/ping.endpoints.ts": {"path":"/Users/BRANCO21/Desktop/Dev/community-proxy/src/v1/endpoints/ping/ping.endpoints.ts","statementMap":{"0":{"start":{"line":1,"column":0},"end":{"line":1,"column":33}},"1":{"start":{"line":2,"column":0},"end":{"line":2,"column":45}},"2":{"start":{"line":4,"column":13},"end":{"line":4,"column":38}},"3":{"start":{"line":6,"column":0},"end":{"line":6,"column":32}}},"fnMap":{},"branchMap":{},"s":{"0":0,"1":0,"2":0,"3":0},"f":{},"b":{}}
,"/Users/BRANCO21/Desktop/Dev/community-proxy/src/v1/endpoints/sportplaces/sportplaces.controllers.ts": {"path":"/Users/BRANCO21/Desktop/Dev/community-proxy/src/v1/endpoints/sportplaces/sportplaces.controllers.ts","statementMap":{"0":{"start":{"line":2,"column":0},"end":{"line":2,"column":84}},"1":{"start":{"line":4,"column":13},"end":{"line":8,"column":2}},"2":{"start":{"line":5,"column":22},"end":{"line":5,"column":66}},"3":{"start":{"line":7,"column":2},"end":{"line":7,"column":24}}},"fnMap":{"0":{"name":"(anonymous_0)","decl":{"start":{"line":4,"column":30},"end":{"line":4,"column":35}},"loc":{"start":{"line":4,"column":68},"end":{"line":8,"column":1}}}},"branchMap":{},"s":{"0":0,"1":0,"2":0,"3":0},"f":{"0":0},"b":{}}
,"/Users/BRANCO21/Desktop/Dev/community-proxy/src/v1/endpoints/sportplaces/sportplaces.endpoints.ts": {"path":"/Users/BRANCO21/Desktop/Dev/community-proxy/src/v1/endpoints/sportplaces/sportplaces.endpoints.ts","statementMap":{"0":{"start":{"line":1,"column":0},"end":{"line":1,"column":33}},"1":{"start":{"line":2,"column":0},"end":{"line":2,"column":59}},"2":{"start":{"line":4,"column":13},"end":{"line":4,"column":44}},"3":{"start":{"line":6,"column":0},"end":{"line":6,"column":45}}},"fnMap":{},"branchMap":{},"s":{"0":0,"1":0,"2":0,"3":0},"f":{},"b":{}}
,"/Users/BRANCO21/Desktop/Dev/community-proxy/src/v1/endpoints/sports/sports.controllers.ts": {"path":"/Users/BRANCO21/Desktop/Dev/community-proxy/src/v1/endpoints/sports/sports.controllers.ts","statementMap":{"0":{"start":{"line":2,"column":0},"end":{"line":2,"column":82}},"1":{"start":{"line":4,"column":13},"end":{"line":8,"column":2}},"2":{"start":{"line":5,"column":17},"end":{"line":5,"column":38}},"3":{"start":{"line":7,"column":2},"end":{"line":7,"column":19}}},"fnMap":{"0":{"name":"(anonymous_0)","decl":{"start":{"line":4,"column":25},"end":{"line":4,"column":30}},"loc":{"start":{"line":4,"column":77},"end":{"line":8,"column":1}}}},"branchMap":{},"s":{"0":0,"1":0,"2":0,"3":0},"f":{"0":0},"b":{}}
,"/Users/BRANCO21/Desktop/Dev/community-proxy/src/v1/endpoints/sports/sports.endpoints.ts": {"path":"/Users/BRANCO21/Desktop/Dev/community-proxy/src/v1/endpoints/sports/sports.endpoints.ts","statementMap":{"0":{"start":{"line":1,"column":0},"end":{"line":1,"column":33}},"1":{"start":{"line":2,"column":0},"end":{"line":2,"column":49}},"2":{"start":{"line":4,"column":13},"end":{"line":4,"column":39}},"3":{"start":{"line":6,"column":0},"end":{"line":6,"column":35}}},"fnMap":{},"branchMap":{},"s":{"0":0,"1":0,"2":0,"3":0},"f":{},"b":{}}
,"/Users/BRANCO21/Desktop/Dev/community-proxy/src/v1/endpoints/translations/translations.controller.ts": {"path":"/Users/BRANCO21/Desktop/Dev/community-proxy/src/v1/endpoints/translations/translations.controller.ts","statementMap":{"0":{"start":{"line":2,"column":0},"end":{"line":2,"column":78}},"1":{"start":{"line":4,"column":23},"end":{"line":8,"column":1}},"2":{"start":{"line":5,"column":22},"end":{"line":5,"column":78}},"3":{"start":{"line":7,"column":2},"end":{"line":7,"column":24}},"4":{"start":{"line":10,"column":13},"end":{"line":12,"column":2}}},"fnMap":{"0":{"name":"(anonymous_0)","decl":{"start":{"line":4,"column":23},"end":{"line":4,"column":28}},"loc":{"start":{"line":4,"column":77},"end":{"line":8,"column":1}}}},"branchMap":{},"s":{"0":0,"1":0,"2":0,"3":0,"4":0},"f":{"0":0},"b":{}}
,"/Users/BRANCO21/Desktop/Dev/community-proxy/src/v1/endpoints/translations/translations.endpoint.ts": {"path":"/Users/BRANCO21/Desktop/Dev/community-proxy/src/v1/endpoints/translations/translations.endpoint.ts","statementMap":{"0":{"start":{"line":1,"column":0},"end":{"line":1,"column":33}},"1":{"start":{"line":2,"column":0},"end":{"line":2,"column":67}},"2":{"start":{"line":4,"column":13},"end":{"line":4,"column":45}},"3":{"start":{"line":6,"column":0},"end":{"line":6,"column":69}}},"fnMap":{},"branchMap":{},"s":{"0":0,"1":0,"2":0,"3":0},"f":{},"b":{}}
,"/Users/BRANCO21/Desktop/Dev/community-proxy/src/v1/endpoints/users/users.controllers.ts": {"path":"/Users/BRANCO21/Desktop/Dev/community-proxy/src/v1/endpoints/users/users.controllers.ts","statementMap":{"0":{"start":{"line":2,"column":0},"end":{"line":2,"column":67}},"1":{"start":{"line":4,"column":13},"end":{"line":12,"column":2}},"2":{"start":{"line":5,"column":14},"end":{"line":5,"column":18}},"3":{"start":{"line":6,"column":13},"end":{"line":6,"column":17}},"4":{"start":{"line":7,"column":2},"end":{"line":10,"column":null}},"5":{"start":{"line":8,"column":4},"end":{"line":8,"column":55}},"6":{"start":{"line":9,"column":4},"end":{"line":9,"column":62}},"7":{"start":{"line":11,"column":2},"end":{"line":11,"column":29}}},"fnMap":{"0":{"name":"(anonymous_0)","decl":{"start":{"line":4,"column":30},"end":{"line":4,"column":35}},"loc":{"start":{"line":4,"column":68},"end":{"line":12,"column":1}}}},"branchMap":{"0":{"loc":{"start":{"line":7,"column":2},"end":{"line":10,"column":null}},"type":"if","locations":[{"start":{"line":7,"column":2},"end":{"line":10,"column":null}},{"start":{"line":7,"column":2},"end":{"line":10,"column":null}}]}},"s":{"0":0,"1":0,"2":0,"3":0,"4":0,"5":0,"6":0,"7":0},"f":{"0":0},"b":{"0":[0,0]}}
,"/Users/BRANCO21/Desktop/Dev/community-proxy/src/v1/endpoints/users/users.endpoints.ts": {"path":"/Users/BRANCO21/Desktop/Dev/community-proxy/src/v1/endpoints/users/users.endpoints.ts","statementMap":{"0":{"start":{"line":1,"column":0},"end":{"line":1,"column":33}},"1":{"start":{"line":2,"column":0},"end":{"line":2,"column":53}},"2":{"start":{"line":4,"column":13},"end":{"line":4,"column":38}},"3":{"start":{"line":6,"column":0},"end":{"line":6,"column":44}}},"fnMap":{},"branchMap":{},"s":{"0":0,"1":0,"2":0,"3":0},"f":{},"b":{}}
,"/Users/BRANCO21/Desktop/Dev/community-proxy/src/v1/middlewares/client-ip/client-ip.middleware.ts": {"path":"/Users/BRANCO21/Desktop/Dev/community-proxy/src/v1/middlewares/client-ip/client-ip.middleware.ts","statementMap":{"0":{"start":{"line":2,"column":0},"end":{"line":2,"column":66}},"1":{"start":{"line":4,"column":13},"end":{"line":12,"column":2}},"2":{"start":{"line":9,"column":2},"end":{"line":9,"column":55}},"3":{"start":{"line":11,"column":2},"end":{"line":11,"column":9}}},"fnMap":{"0":{"name":"(anonymous_0)","decl":{"start":{"line":4,"column":34},"end":{"line":4,"column":39}},"loc":{"start":{"line":8,"column":4},"end":{"line":12,"column":1}}}},"branchMap":{},"s":{"0":0,"1":0,"2":0,"3":0},"f":{"0":0},"b":{}}
,"/Users/BRANCO21/Desktop/Dev/community-proxy/src/v1/middlewares/client-ip/client-ip.selectors.ts": {"path":"/Users/BRANCO21/Desktop/Dev/community-proxy/src/v1/middlewares/client-ip/client-ip.selectors.ts","statementMap":{"0":{"start":{"line":2,"column":0},"end":{"line":2,"column":22}},"1":{"start":{"line":4,"column":13},"end":{"line":5,"column":53}},"2":{"start":{"line":5,"column":2},"end":{"line":5,"column":52}},"3":{"start":{"line":7,"column":13},"end":{"line":8,"column":52}},"4":{"start":{"line":8,"column":2},"end":{"line":8,"column":51}},"5":{"start":{"line":10,"column":13},"end":{"line":11,"column":28}},"6":{"start":{"line":11,"column":2},"end":{"line":11,"column":27}},"7":{"start":{"line":13,"column":13},"end":{"line":28,"column":10}},"8":{"start":{"line":14,"column":2},"end":{"line":28,"column":9}},"9":{"start":{"line":16,"column":30},"end":{"line":16,"column":76}},"10":{"start":{"line":20,"column":30},"end":{"line":20,"column":76}},"11":{"start":{"line":24,"column":30},"end":{"line":24,"column":64}}},"fnMap":{"0":{"name":"(anonymous_1)","decl":{"start":{"line":4,"column":47},"end":{"line":4,"column":48}},"loc":{"start":{"line":5,"column":2},"end":{"line":5,"column":52}}},"1":{"name":"(anonymous_2)","decl":{"start":{"line":7,"column":47},"end":{"line":7,"column":48}},"loc":{"start":{"line":8,"column":2},"end":{"line":8,"column":51}}},"2":{"name":"(anonymous_3)","decl":{"start":{"line":10,"column":35},"end":{"line":10,"column":36}},"loc":{"start":{"line":11,"column":2},"end":{"line":11,"column":27}}},"3":{"name":"(anonymous_4)","decl":{"start":{"line":13,"column":41},"end":{"line":13,"column":42}},"loc":{"start":{"line":14,"column":2},"end":{"line":28,"column":9}}},"4":{"name":"(anonymous_5)","decl":{"start":{"line":16,"column":6},"end":{"line":16,"column":7}},"loc":{"start":{"line":16,"column":30},"end":{"line":16,"column":76}}},"5":{"name":"(anonymous_6)","decl":{"start":{"line":20,"column":6},"end":{"line":20,"column":7}},"loc":{"start":{"line":20,"column":30},"end":{"line":20,"column":76}}},"6":{"name":"(anonymous_7)","decl":{"start":{"line":24,"column":6},"end":{"line":24,"column":7}},"loc":{"start":{"line":24,"column":30},"end":{"line":24,"column":64}}}},"branchMap":{},"s":{"0":0,"1":0,"2":0,"3":0,"4":0,"5":0,"6":0,"7":0,"8":0,"9":0,"10":0,"11":0},"f":{"0":0,"1":0,"2":0,"3":0,"4":0,"5":0,"6":0},"b":{}}
,"/Users/BRANCO21/Desktop/Dev/community-proxy/src/v1/middlewares/cors/cors.middleware.ts": {"path":"/Users/BRANCO21/Desktop/Dev/community-proxy/src/v1/middlewares/cors/cors.middleware.ts","statementMap":{"0":{"start":{"line":1,"column":0},"end":{"line":1,"column":24}},"1":{"start":{"line":3,"column":13},"end":{"line":3,"column":37}}},"fnMap":{},"branchMap":{},"s":{"0":0,"1":0},"f":{},"b":{}}
,"/Users/BRANCO21/Desktop/Dev/community-proxy/src/v1/middlewares/error-handler/error-handler.middleware.ts": {"path":"/Users/BRANCO21/Desktop/Dev/community-proxy/src/v1/middlewares/error-handler/error-handler.middleware.ts","statementMap":{"0":{"start":{"line":2,"column":0},"end":{"line":2,"column":72}},"1":{"start":{"line":4,"column":13},"end":{"line":18,"column":2}},"2":{"start":{"line":10,"column":17},"end":{"line":10,"column":34}},"3":{"start":{"line":11,"column":18},"end":{"line":11,"column":36}},"4":{"start":{"line":13,"column":2},"end":{"line":13,"column":21}},"5":{"start":{"line":14,"column":2},"end":{"line":17,"column":5}}},"fnMap":{"0":{"name":"(anonymous_0)","decl":{"start":{"line":4,"column":38},"end":{"line":4,"column":43}},"loc":{"start":{"line":9,"column":4},"end":{"line":18,"column":1}}}},"branchMap":{},"s":{"0":0,"1":0,"2":0,"3":0,"4":0,"5":0},"f":{"0":0},"b":{}}
,"/Users/BRANCO21/Desktop/Dev/community-proxy/src/v1/middlewares/error-handler/error-handler.selectors.ts": {"path":"/Users/BRANCO21/Desktop/Dev/community-proxy/src/v1/middlewares/error-handler/error-handler.selectors.ts","statementMap":{"0":{"start":{"line":2,"column":0},"end":{"line":2,"column":22}},"1":{"start":{"line":4,"column":13},"end":{"line":5,"column":80}},"2":{"start":{"line":5,"column":2},"end":{"line":5,"column":79}},"3":{"start":{"line":7,"column":13},"end":{"line":8,"column":35}},"4":{"start":{"line":8,"column":2},"end":{"line":8,"column":34}}},"fnMap":{"0":{"name":"(anonymous_1)","decl":{"start":{"line":4,"column":28},"end":{"line":4,"column":29}},"loc":{"start":{"line":5,"column":2},"end":{"line":5,"column":79}}},"1":{"name":"(anonymous_2)","decl":{"start":{"line":7,"column":29},"end":{"line":7,"column":30}},"loc":{"start":{"line":8,"column":2},"end":{"line":8,"column":34}}}},"branchMap":{"0":{"loc":{"start":{"line":5,"column":2},"end":{"line":5,"column":37}},"type":"binary-expr","locations":[{"start":{"line":5,"column":2},"end":{"line":5,"column":37}},{"start":{"line":5,"column":41},"end":{"line":5,"column":72}},{"start":{"line":5,"column":76},"end":{"line":5,"column":79}}]}},"s":{"0":0,"1":0,"2":0,"3":0,"4":0},"f":{"0":0,"1":0},"b":{"0":[0,0,0]}}
,"/Users/BRANCO21/Desktop/Dev/community-proxy/src/v1/middlewares/locale/locale.middleware.ts": {"path":"/Users/BRANCO21/Desktop/Dev/community-proxy/src/v1/middlewares/locale/locale.middleware.ts","statementMap":{"0":{"start":{"line":2,"column":0},"end":{"line":2,"column":86}},"1":{"start":{"line":4,"column":24},"end":{"line":4,"column":31}},"2":{"start":{"line":6,"column":13},"end":{"line":22,"column":2}},"3":{"start":{"line":11,"column":31},"end":{"line":11,"column":59}},"4":{"start":{"line":12,"column":23},"end":{"line":12,"column":61}},"5":{"start":{"line":14,"column":2},"end":{"line":16,"column":null}},"6":{"start":{"line":15,"column":4},"end":{"line":15,"column":37}},"7":{"start":{"line":18,"column":2},"end":{"line":18,"column":56}},"8":{"start":{"line":19,"column":2},"end":{"line":19,"column":37}},"9":{"start":{"line":21,"column":2},"end":{"line":21,"column":9}}},"fnMap":{"0":{"name":"(anonymous_0)","decl":{"start":{"line":6,"column":32},"end":{"line":6,"column":37}},"loc":{"start":{"line":10,"column":4},"end":{"line":22,"column":1}}}},"branchMap":{"0":{"loc":{"start":{"line":14,"column":2},"end":{"line":16,"column":null}},"type":"if","locations":[{"start":{"line":14,"column":2},"end":{"line":16,"column":null}},{"start":{"line":14,"column":2},"end":{"line":16,"column":null}}]}},"s":{"0":0,"1":0,"2":0,"3":0,"4":0,"5":0,"6":0,"7":0,"8":0,"9":0},"f":{"0":0},"b":{"0":[0,0]}}
,"/Users/BRANCO21/Desktop/Dev/community-proxy/src/v1/middlewares/parser/parser.middleware.ts": {"path":"/Users/BRANCO21/Desktop/Dev/community-proxy/src/v1/middlewares/parser/parser.middleware.ts","statementMap":{"0":{"start":{"line":1,"column":0},"end":{"line":1,"column":33}},"1":{"start":{"line":3,"column":13},"end":{"line":6,"column":2}}},"fnMap":{},"branchMap":{},"s":{"0":0,"1":0},"f":{},"b":{}}
,"/Users/BRANCO21/Desktop/Dev/community-proxy/src/v1/middlewares/request-id/request-id.middleware.ts": {"path":"/Users/BRANCO21/Desktop/Dev/community-proxy/src/v1/middlewares/request-id/request-id.middleware.ts","statementMap":{"0":{"start":{"line":2,"column":0},"end":{"line":2,"column":24}},"1":{"start":{"line":4,"column":13},"end":{"line":14,"column":2}},"2":{"start":{"line":9,"column":13},"end":{"line":9,"column":22}},"3":{"start":{"line":10,"column":2},"end":{"line":10,"column":30}},"4":{"start":{"line":11,"column":2},"end":{"line":11,"column":28}},"5":{"start":{"line":13,"column":2},"end":{"line":13,"column":15}}},"fnMap":{"0":{"name":"(anonymous_1)","decl":{"start":{"line":4,"column":35},"end":{"line":4,"column":40}},"loc":{"start":{"line":8,"column":4},"end":{"line":14,"column":1}}}},"branchMap":{},"s":{"0":0,"1":0,"2":0,"3":0,"4":0,"5":0},"f":{"0":0},"b":{}}
,"/Users/BRANCO21/Desktop/Dev/community-proxy/src/v1/middlewares/request-logger/request-logger.middleware.ts": {"path":"/Users/BRANCO21/Desktop/Dev/community-proxy/src/v1/middlewares/request-logger/request-logger.middleware.ts","statementMap":{"0":{"start":{"line":2,"column":0},"end":{"line":2,"column":69}},"1":{"start":{"line":3,"column":0},"end":{"line":3,"column":null}},"2":{"start":{"line":9,"column":13},"end":{"line":25,"column":2}},"3":{"start":{"line":14,"column":2},"end":{"line":14,"column":61}},"4":{"start":{"line":16,"column":2},"end":{"line":22,"column":5}},"5":{"start":{"line":17,"column":4},"end":{"line":21,"column":null}},"6":{"start":{"line":18,"column":6},"end":{"line":18,"column":71}},"7":{"start":{"line":20,"column":6},"end":{"line":20,"column":72}},"8":{"start":{"line":24,"column":2},"end":{"line":24,"column":9}}},"fnMap":{"0":{"name":"(anonymous_0)","decl":{"start":{"line":9,"column":39},"end":{"line":9,"column":44}},"loc":{"start":{"line":13,"column":4},"end":{"line":25,"column":1}}},"1":{"name":"(anonymous_1)","decl":{"start":{"line":16,"column":19},"end":{"line":16,"column":22}},"loc":{"start":{"line":16,"column":24},"end":{"line":22,"column":3}}}},"branchMap":{"0":{"loc":{"start":{"line":17,"column":4},"end":{"line":21,"column":null}},"type":"if","locations":[{"start":{"line":17,"column":4},"end":{"line":21,"column":null}},{"start":{"line":17,"column":4},"end":{"line":21,"column":null}}]}},"s":{"0":0,"1":0,"2":0,"3":0,"4":0,"5":0,"6":0,"7":0,"8":0},"f":{"0":0,"1":0},"b":{"0":[0,0]}}
,"/Users/BRANCO21/Desktop/Dev/community-proxy/src/v1/middlewares/request-logger/request-logger.selectors.ts": {"path":"/Users/BRANCO21/Desktop/Dev/community-proxy/src/v1/middlewares/request-logger/request-logger.selectors.ts","statementMap":{"0":{"start":{"line":1,"column":0},"end":{"line":1,"column":22}},"1":{"start":{"line":3,"column":13},"end":{"line":7,"column":9}},"2":{"start":{"line":4,"column":2},"end":{"line":7,"column":8}},"3":{"start":{"line":9,"column":13},"end":{"line":10,"column":38}},"4":{"start":{"line":10,"column":2},"end":{"line":10,"column":37}},"5":{"start":{"line":12,"column":13},"end":{"line":13,"column":38}},"6":{"start":{"line":13,"column":2},"end":{"line":13,"column":37}},"7":{"start":{"line":15,"column":13},"end":{"line":19,"column":9}},"8":{"start":{"line":16,"column":2},"end":{"line":19,"column":8}},"9":{"start":{"line":18,"column":27},"end":{"line":18,"column":36}},"10":{"start":{"line":21,"column":13},"end":{"line":22,"column":37}},"11":{"start":{"line":22,"column":2},"end":{"line":22,"column":36}},"12":{"start":{"line":24,"column":13},"end":{"line":31,"column":9}},"13":{"start":{"line":27,"column":2},"end":{"line":31,"column":8}},"14":{"start":{"line":30,"column":24},"end":{"line":30,"column":53}},"15":{"start":{"line":33,"column":13},"end":{"line":37,"column":9}},"16":{"start":{"line":34,"column":2},"end":{"line":37,"column":8}},"17":{"start":{"line":35,"column":29},"end":{"line":35,"column":75}},"18":{"start":{"line":39,"column":13},"end":{"line":42,"column":69}},"19":{"start":{"line":40,"column":2},"end":{"line":42,"column":68}},"20":{"start":{"line":44,"column":13},"end":{"line":52,"column":71}},"21":{"start":{"line":48,"column":2},"end":{"line":52,"column":70}}},"fnMap":{"0":{"name":"(anonymous_1)","decl":{"start":{"line":3,"column":35},"end":{"line":3,"column":36}},"loc":{"start":{"line":4,"column":2},"end":{"line":7,"column":8}}},"1":{"name":"(anonymous_2)","decl":{"start":{"line":9,"column":32},"end":{"line":9,"column":33}},"loc":{"start":{"line":10,"column":2},"end":{"line":10,"column":37}}},"2":{"name":"(anonymous_3)","decl":{"start":{"line":12,"column":40},"end":{"line":12,"column":41}},"loc":{"start":{"line":13,"column":2},"end":{"line":13,"column":37}}},"3":{"name":"(anonymous_4)","decl":{"start":{"line":15,"column":42},"end":{"line":15,"column":43}},"loc":{"start":{"line":16,"column":2},"end":{"line":19,"column":8}}},"4":{"name":"(anonymous_5)","decl":{"start":{"line":18,"column":4},"end":{"line":18,"column":5}},"loc":{"start":{"line":18,"column":27},"end":{"line":18,"column":36}}},"5":{"name":"(anonymous_6)","decl":{"start":{"line":21,"column":36},"end":{"line":21,"column":37}},"loc":{"start":{"line":22,"column":2},"end":{"line":22,"column":36}}},"6":{"name":"(anonymous_7)","decl":{"start":{"line":24,"column":48},"end":{"line":24,"column":null}},"loc":{"start":{"line":27,"column":2},"end":{"line":31,"column":8}}},"7":{"name":"(anonymous_8)","decl":{"start":{"line":30,"column":4},"end":{"line":30,"column":5}},"loc":{"start":{"line":30,"column":24},"end":{"line":30,"column":53}}},"8":{"name":"(anonymous_9)","decl":{"start":{"line":33,"column":43},"end":{"line":33,"column":44}},"loc":{"start":{"line":34,"column":2},"end":{"line":37,"column":8}}},"9":{"name":"(anonymous_10)","decl":{"start":{"line":35,"column":4},"end":{"line":35,"column":5}},"loc":{"start":{"line":35,"column":29},"end":{"line":35,"column":75}}},"10":{"name":"(anonymous_11)","decl":{"start":{"line":39,"column":44},"end":{"line":39,"column":45}},"loc":{"start":{"line":40,"column":2},"end":{"line":42,"column":68}}},"11":{"name":"(anonymous_12)","decl":{"start":{"line":44,"column":45},"end":{"line":44,"column":null}},"loc":{"start":{"line":48,"column":2},"end":{"line":52,"column":70}}}},"branchMap":{"0":{"loc":{"start":{"line":18,"column":27},"end":{"line":18,"column":29}},"type":"binary-expr","locations":[{"start":{"line":18,"column":27},"end":{"line":18,"column":29}},{"start":{"line":18,"column":33},"end":{"line":18,"column":36}}]},"1":{"loc":{"start":{"line":30,"column":24},"end":{"line":30,"column":37}},"type":"binary-expr","locations":[{"start":{"line":30,"column":24},"end":{"line":30,"column":37}},{"start":{"line":30,"column":41},"end":{"line":30,"column":53}}]},"2":{"loc":{"start":{"line":35,"column":30},"end":{"line":35,"column":31}},"type":"binary-expr","locations":[{"start":{"line":35,"column":30},"end":{"line":35,"column":31}},{"start":{"line":35,"column":35},"end":{"line":35,"column":40}},{"start":{"line":35,"column":44},"end":{"line":35,"column":67}},{"start":{"line":35,"column":72},"end":{"line":35,"column":75}}]}},"s":{"0":0,"1":0,"2":0,"3":0,"4":0,"5":0,"6":0,"7":0,"8":0,"9":0,"10":0,"11":0,"12":0,"13":0,"14":0,"15":0,"16":0,"17":0,"18":0,"19":0,"20":0,"21":0},"f":{"0":0,"1":0,"2":0,"3":0,"4":0,"5":0,"6":0,"7":0,"8":0,"9":0,"10":0,"11":0},"b":{"0":[0,0],"1":[0,0],"2":[0,0,0,0]}}
,"/Users/BRANCO21/Desktop/Dev/community-proxy/src/v1/middlewares/security-headers/security-headers.middleware.ts": {"path":"/Users/BRANCO21/Desktop/Dev/community-proxy/src/v1/middlewares/security-headers/security-headers.middleware.ts","statementMap":{"0":{"start":{"line":1,"column":0},"end":{"line":1,"column":28}},"1":{"start":{"line":3,"column":13},"end":{"line":5,"column":3}}},"fnMap":{},"branchMap":{},"s":{"0":0,"1":0},"f":{},"b":{}}
,"/Users/BRANCO21/Desktop/Dev/community-proxy/src/v1/services/authentication/authentication.api.ts": {"path":"/Users/BRANCO21/Desktop/Dev/community-proxy/src/v1/services/authentication/authentication.api.ts","statementMap":{"0":{"start":{"line":1,"column":0},"end":{"line":1,"column":44}},"1":{"start":{"line":3,"column":21},"end":{"line":19,"column":4}},"2":{"start":{"line":9,"column":2},"end":{"line":19,"column":4}},"3":{"start":{"line":21,"column":21},"end":{"line":40,"column":4}},"4":{"start":{"line":28,"column":2},"end":{"line":40,"column":4}},"5":{"start":{"line":42,"column":13},"end":{"line":45,"column":2}}},"fnMap":{"0":{"name":"(anonymous_1)","decl":{"start":{"line":3,"column":21},"end":{"line":3,"column":null}},"loc":{"start":{"line":9,"column":2},"end":{"line":19,"column":4}}},"1":{"name":"(anonymous_2)","decl":{"start":{"line":21,"column":21},"end":{"line":21,"column":null}},"loc":{"start":{"line":28,"column":2},"end":{"line":40,"column":4}}}},"branchMap":{},"s":{"0":0,"1":0,"2":0,"3":0,"4":0,"5":0},"f":{"0":0,"1":0},"b":{}}
,"/Users/BRANCO21/Desktop/Dev/community-proxy/src/v1/services/authentication/authentication.service.ts": {"path":"/Users/BRANCO21/Desktop/Dev/community-proxy/src/v1/services/authentication/authentication.service.ts","statementMap":{"0":{"start":{"line":3,"column":0},"end":{"line":3,"column":86}},"1":{"start":{"line":4,"column":0},"end":{"line":4,"column":87}},"2":{"start":{"line":6,"column":27},"end":{"line":22,"column":1}},"3":{"start":{"line":14,"column":6},"end":{"line":14,"column":19}},"4":{"start":{"line":16,"column":2},"end":{"line":21,"column":4}},"5":{"start":{"line":24,"column":24},"end":{"line":40,"column":1}},"6":{"start":{"line":32,"column":6},"end":{"line":32,"column":19}},"7":{"start":{"line":34,"column":2},"end":{"line":39,"column":4}},"8":{"start":{"line":42,"column":21},"end":{"line":52,"column":1}},"9":{"start":{"line":43,"column":24},"end":{"line":43,"column":52}},"10":{"start":{"line":44,"column":16},"end":{"line":44,"column":48}},"11":{"start":{"line":45,"column":17},"end":{"line":45,"column":32}},"12":{"start":{"line":47,"column":19},"end":{"line":49,"column":49}},"13":{"start":{"line":51,"column":2},"end":{"line":51,"column":14}},"14":{"start":{"line":54,"column":27},"end":{"line":72,"column":1}},"15":{"start":{"line":63,"column":6},"end":{"line":63,"column":19}},"16":{"start":{"line":65,"column":2},"end":{"line":71,"column":4}},"17":{"start":{"line":74,"column":24},"end":{"line":92,"column":1}},"18":{"start":{"line":83,"column":6},"end":{"line":83,"column":19}},"19":{"start":{"line":85,"column":2},"end":{"line":91,"column":4}},"20":{"start":{"line":94,"column":21},"end":{"line":106,"column":1}},"21":{"start":{"line":95,"column":24},"end":{"line":95,"column":52}},"22":{"start":{"line":97,"column":15},"end":{"line":97,"column":51}},"23":{"start":{"line":98,"column":17},"end":{"line":98,"column":32}},"24":{"start":{"line":99,"column":22},"end":{"line":99,"column":53}},"25":{"start":{"line":101,"column":19},"end":{"line":103,"column":61}},"26":{"start":{"line":105,"column":2},"end":{"line":105,"column":14}},"27":{"start":{"line":108,"column":13},"end":{"line":108,"column":68}}},"fnMap":{"0":{"name":"(anonymous_0)","decl":{"start":{"line":6,"column":27},"end":{"line":6,"column":null}},"loc":{"start":{"line":9,"column":23},"end":{"line":22,"column":1}}},"1":{"name":"(anonymous_1)","decl":{"start":{"line":24,"column":24},"end":{"line":24,"column":null}},"loc":{"start":{"line":27,"column":23},"end":{"line":40,"column":1}}},"2":{"name":"(anonymous_2)","decl":{"start":{"line":42,"column":21},"end":{"line":42,"column":26}},"loc":{"start":{"line":42,"column":52},"end":{"line":52,"column":1}}},"3":{"name":"(anonymous_3)","decl":{"start":{"line":54,"column":27},"end":{"line":54,"column":null}},"loc":{"start":{"line":58,"column":23},"end":{"line":72,"column":1}}},"4":{"name":"(anonymous_4)","decl":{"start":{"line":74,"column":24},"end":{"line":74,"column":null}},"loc":{"start":{"line":78,"column":23},"end":{"line":92,"column":1}}},"5":{"name":"(anonymous_5)","decl":{"start":{"line":94,"column":21},"end":{"line":94,"column":26}},"loc":{"start":{"line":94,"column":52},"end":{"line":106,"column":1}}}},"branchMap":{"0":{"loc":{"start":{"line":48,"column":6},"end":{"line":48,"column":52}},"type":"cond-expr","locations":[{"start":{"line":48,"column":6},"end":{"line":48,"column":52}},{"start":{"line":49,"column":6},"end":{"line":49,"column":49}}]},"1":{"loc":{"start":{"line":102,"column":6},"end":{"line":102,"column":64}},"type":"cond-expr","locations":[{"start":{"line":102,"column":6},"end":{"line":102,"column":64}},{"start":{"line":103,"column":6},"end":{"line":103,"column":61}}]}},"s":{"0":0,"1":0,"2":0,"3":0,"4":0,"5":0,"6":0,"7":0,"8":0,"9":0,"10":0,"11":0,"12":0,"13":0,"14":0,"15":0,"16":0,"17":0,"18":0,"19":0,"20":0,"21":0,"22":0,"23":0,"24":0,"25":0,"26":0,"27":0},"f":{"0":0,"1":0,"2":0,"3":0,"4":0,"5":0},"b":{"0":[0,0],"1":[0,0]}}
,"/Users/BRANCO21/Desktop/Dev/community-proxy/src/v1/services/booxi-events/booxi-events.helper.ts": {"path":"/Users/BRANCO21/Desktop/Dev/community-proxy/src/v1/services/booxi-events/booxi-events.helper.ts","statementMap":{"0":{"start":{"line":1,"column":0},"end":{"line":1,"column":38}},"1":{"start":{"line":2,"column":0},"end":{"line":2,"column":40}},"2":{"start":{"line":3,"column":0},"end":{"line":3,"column":50}},"3":{"start":{"line":4,"column":0},"end":{"line":4,"column":32}},"4":{"start":{"line":5,"column":0},"end":{"line":5,"column":34}},"5":{"start":{"line":6,"column":0},"end":{"line":6,"column":34}},"6":{"start":{"line":7,"column":0},"end":{"line":7,"column":30}},"7":{"start":{"line":8,"column":0},"end":{"line":8,"column":37}},"8":{"start":{"line":10,"column":13},"end":{"line":17,"column":2}},"9":{"start":{"line":19,"column":18},"end":{"line":32,"column":1}},"10":{"start":{"line":20,"column":29},"end":{"line":26,"column":null}},"11":{"start":{"line":24,"column":10},"end":{"line":24,"column":53}},"12":{"start":{"line":26,"column":41},"end":{"line":26,"column":68}},"13":{"start":{"line":29,"column":2},"end":{"line":31,"column":4}},"14":{"start":{"line":30,"column":4},"end":{"line":30,"column":57}},"15":{"start":{"line":30,"column":36},"end":{"line":30,"column":56}},"16":{"start":{"line":34,"column":31},"end":{"line":45,"column":1}},"17":{"start":{"line":35,"column":31},"end":{"line":36,"column":null}},"18":{"start":{"line":36,"column":34},"end":{"line":36,"column":77}},"19":{"start":{"line":39,"column":2},"end":{"line":44,"column":26}},"20":{"start":{"line":47,"column":20},"end":{"line":48,"column":68}},"21":{"start":{"line":48,"column":2},"end":{"line":48,"column":68}},"22":{"start":{"line":48,"column":41},"end":{"line":48,"column":67}},"23":{"start":{"line":50,"column":24},"end":{"line":62,"column":1}},"24":{"start":{"line":51,"column":19},"end":{"line":51,"column":37}},"25":{"start":{"line":52,"column":27},"end":{"line":52,"column":29}},"26":{"start":{"line":53,"column":2},"end":{"line":59,"column":5}},"27":{"start":{"line":54,"column":4},"end":{"line":58,"column":null}},"28":{"start":{"line":55,"column":6},"end":{"line":57,"column":null}},"29":{"start":{"line":56,"column":8},"end":{"line":56,"column":32}},"30":{"start":{"line":61,"column":2},"end":{"line":61,"column":21}},"31":{"start":{"line":64,"column":27},"end":{"line":84,"column":1}},"32":{"start":{"line":65,"column":21},"end":{"line":65,"column":23}},"33":{"start":{"line":67,"column":2},"end":{"line":81,"column":null}},"34":{"start":{"line":68,"column":4},"end":{"line":72,"column":6}},"35":{"start":{"line":70,"column":8},"end":{"line":71,"column":59}},"36":{"start":{"line":73,"column":9},"end":{"line":81,"column":null}},"37":{"start":{"line":74,"column":4},"end":{"line":76,"column":6}},"38":{"start":{"line":75,"column":22},"end":{"line":75,"column":73}},"39":{"start":{"line":78,"column":4},"end":{"line":80,"column":6}},"40":{"start":{"line":79,"column":22},"end":{"line":79,"column":73}},"41":{"start":{"line":83,"column":2},"end":{"line":83,"column":22}},"42":{"start":{"line":86,"column":31},"end":{"line":102,"column":1}},"43":{"start":{"line":87,"column":19},"end":{"line":87,"column":44}},"44":{"start":{"line":88,"column":2},"end":{"line":101,"column":5}},"45":{"start":{"line":89,"column":18},"end":{"line":89,"column":22}},"46":{"start":{"line":90,"column":4},"end":{"line":95,"column":7}},"47":{"start":{"line":91,"column":24},"end":{"line":91,"column":56}},"48":{"start":{"line":92,"column":6},"end":{"line":94,"column":null}},"49":{"start":{"line":93,"column":8},"end":{"line":93,"column":24}},"50":{"start":{"line":97,"column":4},"end":{"line":99,"column":null}},"51":{"start":{"line":98,"column":6},"end":{"line":98,"column":18}},"52":{"start":{"line":100,"column":4},"end":{"line":100,"column":17}},"53":{"start":{"line":104,"column":21},"end":{"line":116,"column":1}},"54":{"start":{"line":105,"column":19},"end":{"line":105,"column":43}},"55":{"start":{"line":106,"column":17},"end":{"line":106,"column":39}},"56":{"start":{"line":107,"column":2},"end":{"line":115,"column":5}},"57":{"start":{"line":108,"column":27},"end":{"line":110,"column":15}},"58":{"start":{"line":111,"column":4},"end":{"line":113,"column":null}},"59":{"start":{"line":112,"column":6},"end":{"line":112,"column":18}},"60":{"start":{"line":114,"column":4},"end":{"line":114,"column":17}},"61":{"start":{"line":118,"column":23},"end":{"line":144,"column":1}},"62":{"start":{"line":124,"column":19},"end":{"line":127,"column":4}},"63":{"start":{"line":129,"column":2},"end":{"line":143,"column":5}},"64":{"start":{"line":130,"column":4},"end":{"line":142,"column":null}},"65":{"start":{"line":131,"column":26},"end":{"line":134,"column":8}},"66":{"start":{"line":136,"column":27},"end":{"line":136,"column":67}},"67":{"start":{"line":137,"column":6},"end":{"line":137,"column":50}},"68":{"start":{"line":138,"column":33},"end":{"line":138,"column":56}},"69":{"start":{"line":139,"column":6},"end":{"line":141,"column":null}},"70":{"start":{"line":140,"column":8},"end":{"line":140,"column":21}},"71":{"start":{"line":146,"column":28},"end":{"line":171,"column":1}},"72":{"start":{"line":147,"column":24},"end":{"line":162,"column":10}},"73":{"start":{"line":148,"column":22},"end":{"line":148,"column":38}},"74":{"start":{"line":149,"column":4},"end":{"line":161,"column":26}},"75":{"start":{"line":164,"column":2},"end":{"line":168,"column":5}},"76":{"start":{"line":165,"column":4},"end":{"line":167,"column":null}},"77":{"start":{"line":166,"column":6},"end":{"line":166,"column":73}},"78":{"start":{"line":170,"column":2},"end":{"line":170,"column":14}},"79":{"start":{"line":173,"column":22},"end":{"line":177,"column":50}},"80":{"start":{"line":174,"column":2},"end":{"line":177,"column":50}},"81":{"start":{"line":179,"column":13},"end":{"line":252,"column":2}},"82":{"start":{"line":180,"column":18},"end":{"line":180,"column":75}},"83":{"start":{"line":181,"column":19},"end":{"line":181,"column":78}},"84":{"start":{"line":182,"column":19},"end":{"line":182,"column":78}},"85":{"start":{"line":183,"column":18},"end":{"line":183,"column":75}},"86":{"start":{"line":184,"column":18},"end":{"line":184,"column":75}},"87":{"start":{"line":185,"column":17},"end":{"line":185,"column":72}},"88":{"start":{"line":187,"column":28},"end":{"line":206,"column":4}},"89":{"start":{"line":188,"column":32},"end":{"line":188,"column":55}},"90":{"start":{"line":189,"column":24},"end":{"line":189,"column":53}},"91":{"start":{"line":190,"column":4},"end":{"line":190,"column":34}},"92":{"start":{"line":191,"column":4},"end":{"line":191,"column":33}},"93":{"start":{"line":192,"column":4},"end":{"line":195,"column":22}},"94":{"start":{"line":196,"column":4},"end":{"line":196,"column":49}},"95":{"start":{"line":197,"column":4},"end":{"line":201,"column":6}},"96":{"start":{"line":199,"column":8},"end":{"line":199,"column":73}},"97":{"start":{"line":203,"column":4},"end":{"line":203,"column":61}},"98":{"start":{"line":205,"column":4},"end":{"line":205,"column":19}},"99":{"start":{"line":208,"column":2},"end":{"line":208,"column":51}},"100":{"start":{"line":210,"column":2},"end":{"line":212,"column":null}},"101":{"start":{"line":211,"column":4},"end":{"line":211,"column":58}},"102":{"start":{"line":214,"column":2},"end":{"line":216,"column":null}},"103":{"start":{"line":215,"column":4},"end":{"line":215,"column":72}},"104":{"start":{"line":218,"column":2},"end":{"line":223,"column":null}},"105":{"start":{"line":222,"column":4},"end":{"line":222,"column":78}},"106":{"start":{"line":225,"column":2},"end":{"line":232,"column":null}},"107":{"start":{"line":231,"column":4},"end":{"line":231,"column":68}},"108":{"start":{"line":234,"column":2},"end":{"line":236,"column":null}},"109":{"start":{"line":235,"column":4},"end":{"line":235,"column":74}},"110":{"start":{"line":238,"column":2},"end":{"line":243,"column":5}},"111":{"start":{"line":239,"column":4},"end":{"line":242,"column":6}},"112":{"start":{"line":245,"column":2},"end":{"line":249,"column":null}},"113":{"start":{"line":246,"column":4},"end":{"line":248,"column":7}},"114":{"start":{"line":247,"column":6},"end":{"line":247,"column":65}},"115":{"start":{"line":251,"column":2},"end":{"line":251,"column":22}}},"fnMap":{"0":{"name":"(anonymous_1)","decl":{"start":{"line":19,"column":18},"end":{"line":19,"column":19}},"loc":{"start":{"line":19,"column":51},"end":{"line":32,"column":1}}},"1":{"name":"(anonymous_2)","decl":{"start":{"line":23,"column":8},"end":{"line":23,"column":9}},"loc":{"start":{"line":24,"column":10},"end":{"line":24,"column":53}}},"2":{"name":"(anonymous_3)","decl":{"start":{"line":26,"column":11},"end":{"line":26,"column":12}},"loc":{"start":{"line":26,"column":41},"end":{"line":26,"column":68}}},"3":{"name":"(anonymous_4)","decl":{"start":{"line":29,"column":22},"end":{"line":29,"column":23}},"loc":{"start":{"line":30,"column":4},"end":{"line":30,"column":57}}},"4":{"name":"(anonymous_5)","decl":{"start":{"line":30,"column":20},"end":{"line":30,"column":21}},"loc":{"start":{"line":30,"column":36},"end":{"line":30,"column":56}}},"5":{"name":"(anonymous_6)","decl":{"start":{"line":34,"column":31},"end":{"line":34,"column":32}},"loc":{"start":{"line":34,"column":64},"end":{"line":45,"column":1}}},"6":{"name":"(anonymous_7)","decl":{"start":{"line":36,"column":4},"end":{"line":36,"column":5}},"loc":{"start":{"line":36,"column":34},"end":{"line":36,"column":77}}},"7":{"name":"(anonymous_8)","decl":{"start":{"line":47,"column":20},"end":{"line":47,"column":21}},"loc":{"start":{"line":48,"column":2},"end":{"line":48,"column":68}}},"8":{"name":"(anonymous_9)","decl":{"start":{"line":48,"column":22},"end":{"line":48,"column":23}},"loc":{"start":{"line":48,"column":41},"end":{"line":48,"column":67}}},"9":{"name":"(anonymous_10)","decl":{"start":{"line":50,"column":24},"end":{"line":50,"column":25}},"loc":{"start":{"line":50,"column":55},"end":{"line":62,"column":1}}},"10":{"name":"(anonymous_11)","decl":{"start":{"line":53,"column":15},"end":{"line":53,"column":16}},"loc":{"start":{"line":53,"column":30},"end":{"line":59,"column":3}}},"11":{"name":"(anonymous_12)","decl":{"start":{"line":64,"column":27},"end":{"line":64,"column":28}},"loc":{"start":{"line":64,"column":77},"end":{"line":84,"column":1}}},"12":{"name":"(anonymous_13)","decl":{"start":{"line":69,"column":6},"end":{"line":69,"column":7}},"loc":{"start":{"line":70,"column":8},"end":{"line":71,"column":59}}},"13":{"name":"(anonymous_14)","decl":{"start":{"line":75,"column":6},"end":{"line":75,"column":7}},"loc":{"start":{"line":75,"column":22},"end":{"line":75,"column":73}}},"14":{"name":"(anonymous_15)","decl":{"start":{"line":79,"column":6},"end":{"line":79,"column":7}},"loc":{"start":{"line":79,"column":22},"end":{"line":79,"column":73}}},"15":{"name":"(anonymous_16)","decl":{"start":{"line":86,"column":31},"end":{"line":86,"column":32}},"loc":{"start":{"line":86,"column":69},"end":{"line":102,"column":1}}},"16":{"name":"(anonymous_17)","decl":{"start":{"line":88,"column":21},"end":{"line":88,"column":22}},"loc":{"start":{"line":88,"column":36},"end":{"line":101,"column":3}}},"17":{"name":"(anonymous_18)","decl":{"start":{"line":90,"column":21},"end":{"line":90,"column":28}},"loc":{"start":{"line":90,"column":31},"end":{"line":95,"column":5}}},"18":{"name":"(anonymous_19)","decl":{"start":{"line":104,"column":21},"end":{"line":104,"column":22}},"loc":{"start":{"line":104,"column":61},"end":{"line":116,"column":1}}},"19":{"name":"(anonymous_20)","decl":{"start":{"line":107,"column":21},"end":{"line":107,"column":22}},"loc":{"start":{"line":107,"column":36},"end":{"line":115,"column":3}}},"20":{"name":"(anonymous_21)","decl":{"start":{"line":118,"column":23},"end":{"line":118,"column":null}},"loc":{"start":{"line":123,"column":4},"end":{"line":144,"column":1}}},"21":{"name":"(anonymous_22)","decl":{"start":{"line":129,"column":21},"end":{"line":129,"column":22}},"loc":{"start":{"line":129,"column":36},"end":{"line":143,"column":3}}},"22":{"name":"(anonymous_23)","decl":{"start":{"line":146,"column":28},"end":{"line":146,"column":29}},"loc":{"start":{"line":146,"column":42},"end":{"line":171,"column":1}}},"23":{"name":"(anonymous_24)","decl":{"start":{"line":147,"column":32},"end":{"line":147,"column":33}},"loc":{"start":{"line":147,"column":53},"end":{"line":162,"column":3}}},"24":{"name":"(anonymous_25)","decl":{"start":{"line":164,"column":15},"end":{"line":164,"column":16}},"loc":{"start":{"line":164,"column":32},"end":{"line":168,"column":3}}},"25":{"name":"(anonymous_26)","decl":{"start":{"line":173,"column":22},"end":{"line":173,"column":23}},"loc":{"start":{"line":174,"column":2},"end":{"line":177,"column":50}}},"26":{"name":"(anonymous_27)","decl":{"start":{"line":179,"column":27},"end":{"line":179,"column":28}},"loc":{"start":{"line":179,"column":53},"end":{"line":252,"column":1}}},"27":{"name":"(anonymous_28)","decl":{"start":{"line":187,"column":46},"end":{"line":187,"column":47}},"loc":{"start":{"line":187,"column":63},"end":{"line":206,"column":3}}},"28":{"name":"(anonymous_29)","decl":{"start":{"line":198,"column":6},"end":{"line":198,"column":7}},"loc":{"start":{"line":198,"column":25},"end":{"line":200,"column":7}}},"29":{"name":"(anonymous_30)","decl":{"start":{"line":238,"column":20},"end":{"line":238,"column":21}},"loc":{"start":{"line":238,"column":39},"end":{"line":243,"column":3}}},"30":{"name":"(anonymous_31)","decl":{"start":{"line":246,"column":22},"end":{"line":246,"column":23}},"loc":{"start":{"line":246,"column":41},"end":{"line":248,"column":5}}}},"branchMap":{"0":{"loc":{"start":{"line":54,"column":4},"end":{"line":58,"column":null}},"type":"if","locations":[{"start":{"line":54,"column":4},"end":{"line":58,"column":null}},{"start":{"line":54,"column":4},"end":{"line":58,"column":null}}]},"1":{"loc":{"start":{"line":54,"column":8},"end":{"line":54,"column":13}},"type":"binary-expr","locations":[{"start":{"line":54,"column":8},"end":{"line":54,"column":13}},{"start":{"line":54,"column":17},"end":{"line":54,"column":31}},{"start":{"line":54,"column":35},"end":{"line":54,"column":57}}]},"2":{"loc":{"start":{"line":55,"column":6},"end":{"line":57,"column":null}},"type":"if","locations":[{"start":{"line":55,"column":6},"end":{"line":57,"column":null}},{"start":{"line":55,"column":6},"end":{"line":57,"column":null}}]},"3":{"loc":{"start":{"line":67,"column":2},"end":{"line":81,"column":null}},"type":"if","locations":[{"start":{"line":67,"column":2},"end":{"line":81,"column":null}},{"start":{"line":67,"column":2},"end":{"line":81,"column":null}}]},"4":{"loc":{"start":{"line":67,"column":6},"end":{"line":67,"column":37}},"type":"binary-expr","locations":[{"start":{"line":67,"column":6},"end":{"line":67,"column":37}},{"start":{"line":67,"column":41},"end":{"line":67,"column":72}}]},"5":{"loc":{"start":{"line":70,"column":8},"end":{"line":70,"column":59}},"type":"binary-expr","locations":[{"start":{"line":70,"column":8},"end":{"line":70,"column":59}},{"start":{"line":71,"column":8},"end":{"line":71,"column":59}}]},"6":{"loc":{"start":{"line":73,"column":9},"end":{"line":81,"column":null}},"type":"if","locations":[{"start":{"line":73,"column":9},"end":{"line":81,"column":null}},{"start":{"line":73,"column":9},"end":{"line":81,"column":null}}]},"7":{"loc":{"start":{"line":92,"column":6},"end":{"line":94,"column":null}},"type":"if","locations":[{"start":{"line":92,"column":6},"end":{"line":94,"column":null}},{"start":{"line":92,"column":6},"end":{"line":94,"column":null}}]},"8":{"loc":{"start":{"line":97,"column":4},"end":{"line":99,"column":null}},"type":"if","locations":[{"start":{"line":97,"column":4},"end":{"line":99,"column":null}},{"start":{"line":97,"column":4},"end":{"line":99,"column":null}}]},"9":{"loc":{"start":{"line":111,"column":4},"end":{"line":113,"column":null}},"type":"if","locations":[{"start":{"line":111,"column":4},"end":{"line":113,"column":null}},{"start":{"line":111,"column":4},"end":{"line":113,"column":null}}]},"10":{"loc":{"start":{"line":111,"column":8},"end":{"line":111,"column":34}},"type":"binary-expr","locations":[{"start":{"line":111,"column":8},"end":{"line":111,"column":34}},{"start":{"line":111,"column":38},"end":{"line":111,"column":62}}]},"11":{"loc":{"start":{"line":130,"column":4},"end":{"line":142,"column":null}},"type":"if","locations":[{"start":{"line":130,"column":4},"end":{"line":142,"column":null}},{"start":{"line":130,"column":4},"end":{"line":142,"column":null}}]},"12":{"loc":{"start":{"line":130,"column":8},"end":{"line":130,"column":39}},"type":"binary-expr","locations":[{"start":{"line":130,"column":8},"end":{"line":130,"column":39}},{"start":{"line":130,"column":43},"end":{"line":130,"column":75}}]},"13":{"loc":{"start":{"line":139,"column":6},"end":{"line":141,"column":null}},"type":"if","locations":[{"start":{"line":139,"column":6},"end":{"line":141,"column":null}},{"start":{"line":139,"column":6},"end":{"line":141,"column":null}}]},"14":{"loc":{"start":{"line":150,"column":8},"end":{"line":150,"column":18}},"type":"cond-expr","locations":[{"start":{"line":150,"column":8},"end":{"line":150,"column":18}},{"start":{"line":151,"column":8},"end":{"line":161,"column":25}}]},"15":{"loc":{"start":{"line":152,"column":10},"end":{"line":152,"column":20}},"type":"cond-expr","locations":[{"start":{"line":152,"column":10},"end":{"line":152,"column":20}},{"start":{"line":153,"column":10},"end":{"line":161,"column":25}}]},"16":{"loc":{"start":{"line":154,"column":12},"end":{"line":154,"column":24}},"type":"cond-expr","locations":[{"start":{"line":154,"column":12},"end":{"line":154,"column":24}},{"start":{"line":155,"column":12},"end":{"line":161,"column":25}}]},"17":{"loc":{"start":{"line":156,"column":14},"end":{"line":156,"column":22}},"type":"cond-expr","locations":[{"start":{"line":156,"column":14},"end":{"line":156,"column":22}},{"start":{"line":157,"column":14},"end":{"line":161,"column":25}}]},"18":{"loc":{"start":{"line":158,"column":16},"end":{"line":158,"column":24}},"type":"cond-expr","locations":[{"start":{"line":158,"column":16},"end":{"line":158,"column":24}},{"start":{"line":159,"column":16},"end":{"line":161,"column":25}}]},"19":{"loc":{"start":{"line":160,"column":18},"end":{"line":160,"column":29}},"type":"cond-expr","locations":[{"start":{"line":160,"column":18},"end":{"line":160,"column":29}},{"start":{"line":161,"column":18},"end":{"line":161,"column":25}}]},"20":{"loc":{"start":{"line":165,"column":4},"end":{"line":167,"column":null}},"type":"if","locations":[{"start":{"line":165,"column":4},"end":{"line":167,"column":null}},{"start":{"line":165,"column":4},"end":{"line":167,"column":null}}]},"21":{"loc":{"start":{"line":173,"column":38},"end":{"line":173,"column":40}},"type":"default-arg","locations":[{"start":{"line":173,"column":38},"end":{"line":173,"column":40}}]},"22":{"loc":{"start":{"line":173,"column":66},"end":{"line":173,"column":70}},"type":"default-arg","locations":[{"start":{"line":173,"column":66},"end":{"line":173,"column":70}}]},"23":{"loc":{"start":{"line":180,"column":50},"end":{"line":180,"column":59}},"type":"cond-expr","locations":[{"start":{"line":180,"column":50},"end":{"line":180,"column":59}},{"start":{"line":180,"column":62},"end":{"line":180,"column":75}}]},"24":{"loc":{"start":{"line":181,"column":52},"end":{"line":181,"column":61}},"type":"cond-expr","locations":[{"start":{"line":181,"column":52},"end":{"line":181,"column":61}},{"start":{"line":181,"column":64},"end":{"line":181,"column":78}}]},"25":{"loc":{"start":{"line":182,"column":52},"end":{"line":182,"column":61}},"type":"cond-expr","locations":[{"start":{"line":182,"column":52},"end":{"line":182,"column":61}},{"start":{"line":182,"column":64},"end":{"line":182,"column":78}}]},"26":{"loc":{"start":{"line":183,"column":50},"end":{"line":183,"column":59}},"type":"cond-expr","locations":[{"start":{"line":183,"column":50},"end":{"line":183,"column":59}},{"start":{"line":183,"column":62},"end":{"line":183,"column":75}}]},"27":{"loc":{"start":{"line":184,"column":50},"end":{"line":184,"column":59}},"type":"cond-expr","locations":[{"start":{"line":184,"column":50},"end":{"line":184,"column":59}},{"start":{"line":184,"column":62},"end":{"line":184,"column":75}}]},"28":{"loc":{"start":{"line":185,"column":48},"end":{"line":185,"column":57}},"type":"cond-expr","locations":[{"start":{"line":185,"column":48},"end":{"line":185,"column":57}},{"start":{"line":185,"column":60},"end":{"line":185,"column":72}}]},"29":{"loc":{"start":{"line":210,"column":2},"end":{"line":212,"column":null}},"type":"if","locations":[{"start":{"line":210,"column":2},"end":{"line":212,"column":null}},{"start":{"line":210,"column":2},"end":{"line":212,"column":null}}]},"30":{"loc":{"start":{"line":214,"column":2},"end":{"line":216,"column":null}},"type":"if","locations":[{"start":{"line":214,"column":2},"end":{"line":216,"column":null}},{"start":{"line":214,"column":2},"end":{"line":216,"column":null}}]},"31":{"loc":{"start":{"line":214,"column":6},"end":{"line":214,"column":37}},"type":"binary-expr","locations":[{"start":{"line":214,"column":6},"end":{"line":214,"column":37}},{"start":{"line":214,"column":41},"end":{"line":214,"column":72}}]},"32":{"loc":{"start":{"line":218,"column":2},"end":{"line":223,"column":null}},"type":"if","locations":[{"start":{"line":218,"column":2},"end":{"line":223,"column":null}},{"start":{"line":218,"column":2},"end":{"line":223,"column":null}}]},"33":{"loc":{"start":{"line":219,"column":4},"end":{"line":219,"column":47}},"type":"binary-expr","locations":[{"start":{"line":219,"column":4},"end":{"line":219,"column":47}},{"start":{"line":220,"column":4},"end":{"line":220,"column":40}}]},"34":{"loc":{"start":{"line":225,"column":2},"end":{"line":232,"column":null}},"type":"if","locations":[{"start":{"line":225,"column":2},"end":{"line":232,"column":null}},{"start":{"line":225,"column":2},"end":{"line":232,"column":null}}]},"35":{"loc":{"start":{"line":226,"column":4},"end":{"line":226,"column":37}},"type":"binary-expr","locations":[{"start":{"line":226,"column":4},"end":{"line":226,"column":37}},{"start":{"line":227,"column":4},"end":{"line":227,"column":30}},{"start":{"line":228,"column":4},"end":{"line":228,"column":35}},{"start":{"line":229,"column":4},"end":{"line":229,"column":28}}]},"36":{"loc":{"start":{"line":234,"column":2},"end":{"line":236,"column":null}},"type":"if","locations":[{"start":{"line":234,"column":2},"end":{"line":236,"column":null}},{"start":{"line":234,"column":2},"end":{"line":236,"column":null}}]},"37":{"loc":{"start":{"line":234,"column":6},"end":{"line":234,"column":13}},"type":"binary-expr","locations":[{"start":{"line":234,"column":6},"end":{"line":234,"column":13}},{"start":{"line":234,"column":17},"end":{"line":234,"column":24}},{"start":{"line":234,"column":28},"end":{"line":234,"column":34}}]},"38":{"loc":{"start":{"line":245,"column":2},"end":{"line":249,"column":null}},"type":"if","locations":[{"start":{"line":245,"column":2},"end":{"line":249,"column":null}},{"start":{"line":245,"column":2},"end":{"line":249,"column":null}}]},"39":{"loc":{"start":{"line":245,"column":6},"end":{"line":245,"column":13}},"type":"binary-expr","locations":[{"start":{"line":245,"column":6},"end":{"line":245,"column":13}},{"start":{"line":245,"column":17},"end":{"line":245,"column":24}},{"start":{"line":245,"column":28},"end":{"line":245,"column":34}}]}},"s":{"0":0,"1":0,"2":0,"3":0,"4":0,"5":0,"6":0,"7":0,"8":0,"9":0,"10":0,"11":0,"12":0,"13":0,"14":0,"15":0,"16":0,"17":0,"18":0,"19":0,"20":0,"21":0,"22":0,"23":0,"24":0,"25":0,"26":0,"27":0,"28":0,"29":0,"30":0,"31":0,"32":0,"33":0,"34":0,"35":0,"36":0,"37":0,"38":0,"39":0,"40":0,"41":0,"42":0,"43":0,"44":0,"45":0,"46":0,"47":0,"48":0,"49":0,"50":0,"51":0,"52":0,"53":0,"54":0,"55":0,"56":0,"57":0,"58":0,"59":0,"60":0,"61":0,"62":0,"63":0,"64":0,"65":0,"66":0,"67":0,"68":0,"69":0,"70":0,"71":0,"72":0,"73":0,"74":0,"75":0,"76":0,"77":0,"78":0,"79":0,"80":0,"81":0,"82":0,"83":0,"84":0,"85":0,"86":0,"87":0,"88":0,"89":0,"90":0,"91":0,"92":0,"93":0,"94":0,"95":0,"96":0,"97":0,"98":0,"99":0,"100":0,"101":0,"102":0,"103":0,"104":0,"105":0,"106":0,"107":0,"108":0,"109":0,"110":0,"111":0,"112":0,"113":0,"114":0,"115":0},"f":{"0":0,"1":0,"2":0,"3":0,"4":0,"5":0,"6":0,"7":0,"8":0,"9":0,"10":0,"11":0,"12":0,"13":0,"14":0,"15":0,"16":0,"17":0,"18":0,"19":0,"20":0,"21":0,"22":0,"23":0,"24":0,"25":0,"26":0,"27":0,"28":0,"29":0,"30":0},"b":{"0":[0,0],"1":[0,0,0],"2":[0,0],"3":[0,0],"4":[0,0],"5":[0,0],"6":[0,0],"7":[0,0],"8":[0,0],"9":[0,0],"10":[0,0],"11":[0,0],"12":[0,0],"13":[0,0],"14":[0,0],"15":[0,0],"16":[0,0],"17":[0,0],"18":[0,0],"19":[0,0],"20":[0,0],"21":[0],"22":[0],"23":[0,0],"24":[0,0],"25":[0,0],"26":[0,0],"27":[0,0],"28":[0,0],"29":[0,0],"30":[0,0],"31":[0,0],"32":[0,0],"33":[0,0],"34":[0,0],"35":[0,0,0,0],"36":[0,0],"37":[0,0,0],"38":[0,0],"39":[0,0,0]}}
,"/Users/BRANCO21/Desktop/Dev/community-proxy/src/v1/services/booxi-events/booxi-events.service.ts": {"path":"/Users/BRANCO21/Desktop/Dev/community-proxy/src/v1/services/booxi-events/booxi-events.service.ts","statementMap":{"0":{"start":{"line":1,"column":0},"end":{"line":1,"column":26}},"1":{"start":{"line":2,"column":0},"end":{"line":2,"column":78}},"2":{"start":{"line":3,"column":0},"end":{"line":3,"column":86}},"3":{"start":{"line":4,"column":0},"end":{"line":4,"column":60}},"4":{"start":{"line":6,"column":18},"end":{"line":32,"column":1}},"5":{"start":{"line":15,"column":2},"end":{"line":31,"column":null}},"6":{"start":{"line":16,"column":4},"end":{"line":16,"column":22}},"7":{"start":{"line":18,"column":22},"end":{"line":18,"column":32}},"8":{"start":{"line":19,"column":31},"end":{"line":19,"column":55}},"9":{"start":{"line":21,"column":4},"end":{"line":21,"column":48}},"10":{"start":{"line":22,"column":32},"end":{"line":22,"column":55}},"11":{"start":{"line":24,"column":4},"end":{"line":30,"column":6}},"12":{"start":{"line":34,"column":13},"end":{"line":57,"column":2}},"13":{"start":{"line":43,"column":17},"end":{"line":43,"column":34}},"14":{"start":{"line":44,"column":14},"end":{"line":44,"column":46}},"15":{"start":{"line":45,"column":2},"end":{"line":55,"column":null}},"16":{"start":{"line":46,"column":4},"end":{"line":54,"column":6}},"17":{"start":{"line":56,"column":2},"end":{"line":56,"column":15}},"18":{"start":{"line":59,"column":26},"end":{"line":66,"column":1}},"19":{"start":{"line":60,"column":2},"end":{"line":65,"column":null}},"20":{"start":{"line":61,"column":18},"end":{"line":61,"column":37}},"21":{"start":{"line":62,"column":4},"end":{"line":62,"column":29}},"22":{"start":{"line":64,"column":4},"end":{"line":64,"column":16}},"23":{"start":{"line":68,"column":24},"end":{"line":114,"column":1}},"24":{"start":{"line":77,"column":16},"end":{"line":110,"column":6}},"25":{"start":{"line":87,"column":6},"end":{"line":89,"column":8}},"26":{"start":{"line":90,"column":6},"end":{"line":90,"column":57}},"27":{"start":{"line":91,"column":6},"end":{"line":91,"column":48}},"28":{"start":{"line":92,"column":6},"end":{"line":92,"column":60}},"29":{"start":{"line":93,"column":6},"end":{
[...]
,"/Users/BRANCO21/Desktop/Dev/community-proxy/src/v1/services/configuration/configuration.service.ts": {"path":"/Users/BRANCO21/Desktop/Dev/community-proxy/src/v1/services/configuration/configuration.service.ts","statementMap":{"0":{"start":{"line":1,"column":0},"end":{"line":1,"column":26}},"1":{"start":{"line":2,"column":0},"end":{"line":2,"column":22}},"2":{"start":{"line":3,"column":0},"end":{"line":3,"column":60}},"3":{"start":{"line":5,"column":13},"end":{"line":13,"column":2}},"4":{"start":{"line":8,"column":22},"end":{"line":8,"column":55}},"5":{"start":{"line":9,"column":2},"end":{"line":11,"column":null}},"6":{"start":{"line":10,"column":4},"end":{"line":10,"column":51}},"7":{"start":{"line":12,"column":2},"end":{"line":12,"column":79}},"8":{"start":{"line":15,"column":34},"end":{"line":22,"column":1}},"9":{"start":{"line":16,"column":2},"end":{"line":21,"column":null}},"10":{"start":{"line":17,"column":26},"end":{"line":17,"column":57}},"11":{"start":{"line":18,"column":4},"end":{"line":18,"column":37}},"12":{"start":{"line":20,"column":4},"end":{"line":20,"column":16}},"13":{"start":{"line":24,"column":31},"end":{"line":35,"column":1}},"14":{"start":{"line":25,"column":19},"end":{"line":32,"column":4}},"15":{"start":{"line":33,"column":2},"end":{"line":33,"column":68}},"16":{"start":{"line":34,"column":2},"end":{"line":34,"column":26}},"17":{"start":{"line":37,"column":51},"end":{"line":46,"column":18}},"18":{"start":{"line":41,"column":2},"end":{"line":46,"column":18}},"19":{"start":{"line":43,"column":52},"end":{"line":43,"column":79}},"20":{"start":{"line":45,"column":41},"end":{"line":45,"column":46}}},"fnMap":{"0":{"name":"(anonymous_1)","decl":{"start":{"line":5,"column":32},"end":{"line":5,"column":37}},"loc":{"start":{"line":7,"column":37},"end":{"line":13,"column":1}}},"1":{"name":"(anonymous_2)","decl":{"start":{"line":15,"column":34},"end":{"line":15,"column":39}},"loc":{"start":{"line":15,"column":66},"end":{"line":22,"column":1}}},"2":{"name":"(anonymous_3)","decl":{"start":{"line":24,"column":31},"end":{"line":24,"column":36}},"loc":{"start":{"line":24,"column":56},"end":{"line":35,"column":1}}},"3":{"name":"(anonymous_4)","decl":{"start":{"line":37,"column":51},"end":{"line":37,"column":null}},"loc":{"start":{"line":41,"column":2},"end":{"line":46,"column":18}}},"4":{"name":"(anonymous_5)","decl":{"start":{"line":43,"column":6},"end":{"line":43,"column":7}},"loc":{"start":{"line":43,"column":52},"end":{"line":43,"column":79}}},"5":{"name":"(anonymous_6)","decl":{"start":{"line":45,"column":10},"end":{"line":45,"column":11}},"loc":{"start":{"line":45,"column":41},"end":{"line":45,"column":46}}}},"branchMap":{"0":{"loc":{"start":{"line":6,"column":15},"end":{"line":6,"column":20}},"type":"default-arg","locations":[{"start":{"line":6,"column":15},"end":{"line":6,"column":20}}]},"1":{"loc":{"start":{"line":9,"column":2},"end":{"line":11,"column":null}},"type":"if","locations":[{"start":{"line":9,"column":2},"end":{"line":11,"column":null}},{"start":{"line":9,"column":2},"end":{"line":11,"column":null}}]},"2":{"loc":{"start":{"line":43,"column":18},"end":{"line":43,"column":22}},"type":"default-arg","locations":[{"start":{"line":43,"column":18},"end":{"line":43,"column":22}}]},"3":{"loc":{"start":{"line":43,"column":65},"end":{"line":43,"column":69}},"type":"cond-expr","locations":[{"start":{"line":43,"column":65},"end":{"line":43,"column":69}},{"start":{"line":43,"column":72},"end":{"line":43,"column":79}}]}},"s":{"0":0,"1":0,"2":0,"3":0,"4":0,"5":0,"6":0,"7":0,"8":0,"9":0,"10":0,"11":0,"12":0,"13":0,"14":0,"15":0,"16":0,"17":0,"18":0,"19":0,"20":0},"f":{"0":0,"1":0,"2":0,"3":0,"4":0,"5":0},"b":{"0":[0],"1":[0,0],"2":[0],"3":[0,0]}}
,"/Users/BRANCO21/Desktop/Dev/community-proxy/src/v1/services/global-events/global-event.services.ts": {"path":"/Users/BRANCO21/Desktop/Dev/community-proxy/src/v1/services/global-events/global-event.services.ts","statementMap":{"0":{"start":{"line":1,"column":0},"end":{"line":1,"column":50}},"1":{"start":{"line":2,"column":0},"end":{"line":2,"column":74}},"2":{"start":{"line":4,"column":28},"end":{"line":25,"column":1}},"3":{"start":{"line":12,"column":6},"end":{"line":12,"column":30}},"4":{"start":{"line":13,"column":44},"end":{"line":22,"column":4}},"5":{"start":{"line":23,"column":19},"end":{"line":23,"column":45}},"6":{"start":{"line":24,"column":2},"end":{"line":24,"column":14}},"7":{"start":{"line":27,"column":13},"end":{"line":27,"column":60}}},"fnMap":{"0":{"name":"(anonymous_1)","decl":{"start":{"line":4,"column":28},"end":{"line":4,"column":33}},"loc":{"start":{"line":8,"column":18},"end":{"line":25,"column":1}}}},"branchMap":{},"s":{"0":0,"1":0,"2":0,"3":0,"4":0,"5":0,"6":0,"7":0},"f":{"0":0},"b":{}}
,"/Users/BRANCO21/Desktop/Dev/community-proxy/src/v1/services/logger/logger.selectors.ts": {"path":"/Users/BRANCO21/Desktop/Dev/community-proxy/src/v1/services/logger/logger.selectors.ts","statementMap":{"0":{"start":{"line":1,"column":0},"end":{"line":1,"column":22}},"1":{"start":{"line":3,"column":13},"end":{"line":4,"column":51}},"2":{"start":{"line":4,"column":2},"end":{"line":4,"column":50}},"3":{"start":{"line":6,"column":13},"end":{"line":9,"column":52}},"4":{"start":{"line":9,"column":13},"end":{"line":9,"column":51}}},"fnMap":{"0":{"name":"(anonymous_1)","decl":{"start":{"line":3,"column":31},"end":{"line":3,"column":32}},"loc":{"start":{"line":4,"column":2},"end":{"line":4,"column":50}}},"1":{"name":"(anonymous_2)","decl":{"start":{"line":6,"column":37},"end":{"line":6,"column":null}},"loc":{"start":{"line":9,"column":13},"end":{"line":9,"column":51}}}},"branchMap":{},"s":{"0":0,"1":0,"2":0,"3":0,"4":0},"f":{"0":0,"1":0},"b":{}}
,"/Users/BRANCO21/Desktop/Dev/community-proxy/src/v1/services/logger/logger.service.ts": {"path":"/Users/BRANCO21/Desktop/Dev/community-proxy/src/v1/services/logger/logger.service.ts","statementMap":{"0":{"start":{"line":1,"column":0},"end":{"line":1,"column":59}},"1":{"start":{"line":4,"column":13},"end":{"line":17,"column":2}},"2":{"start":{"line":6,"column":4},"end":{"line":6,"column":54}},"3":{"start":{"line":8,"column":4},"end":{"line":8,"column":55}},"4":{"start":{"line":9,"column":4},"end":{"line":11,"column":null}},"5":{"start":{"line":10,"column":6},"end":{"line":10,"column":27}},"6":{"start":{"line":14,"column":4},"end":{"line":14,"column":53}},"7":{"start":{"line":16,"column":4},"end":{"line":16,"column":53}}},"fnMap":{"0":{"name":"(anonymous_0)","decl":{"start":{"line":5,"column":9},"end":{"line":5,"column":10}},"loc":{"start":{"line":6,"column":4},"end":{"line":6,"column":54}}},"1":{"name":"(anonymous_1)","decl":{"start":{"line":7,"column":9},"end":{"line":7,"column":10}},"loc":{"start":{"line":7,"column":64},"end":{"line":12,"column":3}}},"2":{"name":"(anonymous_2)","decl":{"start":{"line":13,"column":8},"end":{"line":13,"column":9}},"loc":{"start":{"line":14,"column":4},"end":{"line":14,"column":53}}},"3":{"name":"(anonymous_3)","decl":{"start":{"line":15,"column":8},"end":{"line":15,"column":9}},"loc":{"start":{"line":16,"column":4},"end":{"line":16,"column":53}}}},"branchMap":{"0":{"loc":{"start":{"line":9,"column":4},"end":{"line":11,"column":null}},"type":"if","locations":[{"start":{"line":9,"column":4},"end":{"line":11,"column":null}},{"start":{"line":9,"column":4},"end":{"line":11,"column":null}}]}},"s":{"0":0,"1":0,"2":0,"3":0,"4":0,"5":0,"6":0,"7":0},"f":{"0":0,"1":0,"2":0,"3":0},"b":{"0":[0,0]}}
,"/Users/BRANCO21/Desktop/Dev/community-proxy/src/v1/services/phraseapp/phraseapp.api.ts": {"path":"/Users/BRANCO21/Desktop/Dev/community-proxy/src/v1/services/phraseapp/phraseapp.api.ts","statementMap":{"0":{"start":{"line":1,"column":0},"end":{"line":1,"column":44}},"1":{"start":{"line":3,"column":23},"end":{"line":17,"column":4}},"2":{"start":{"line":7,"column":2},"end":{"line":17,"column":4}},"3":{"start":{"line":19,"column":13},"end":{"line":21,"column":2}}},"fnMap":{"0":{"name":"(anonymous_1)","decl":{"start":{"line":3,"column":23},"end":{"line":3,"column":null}},"loc":{"start":{"line":7,"column":2},"end":{"line":17,"column":4}}}},"branchMap":{},"s":{"0":0,"1":0,"2":0,"3":0},"f":{"0":0},"b":{}}
,"/Users/BRANCO21/Desktop/Dev/community-proxy/src/v1/services/phraseapp/phraseapp.service.ts": {"path":"/Users/BRANCO21/Desktop/Dev/community-proxy/src/v1/services/phraseapp/phraseapp.service.ts","statementMap":{"0":{"start":{"line":1,"column":0},"end":{"line":1,"column":86}},"1":{"start":{"line":2,"column":0},"end":{"line":2,"column":60}},"2":{"start":{"line":3,"column":0},"end":{"line":3,"column":72}},"3":{"start":{"line":5,"column":23},"end":{"line":19,"column":1}},"4":{"start":{"line":6,"column":56},"end":{"line":7,"column":null}},"5":{"start":{"line":9,"column":14},"end":{"line":9,"column":108}},"6":{"start":{"line":10,"column":21},"end":{"line":10,"column":48}},"7":{"start":{"line":11,"column":2},"end":{"line":13,"column":null}},"8":{"start":{"line":12,"column":4},"end":{"line":12,"column":22}},"9":{"start":{"line":15,"column":19},"end":{"line":15,"column":78}},"10":{"start":{"line":16,"column":2},"end":{"line":16,"column":44}},"11":{"start":{"line":18,"column":2},"end":{"line":18,"column":14}},"12":{"start":{"line":21,"column":25},"end":{"line":28,"column":1}},"13":{"start":{"line":22,"column":2},"end":{"line":27,"column":null}},"14":{"start":{"line":23,"column":20},"end":{"line":23,"column":39}},"15":{"start":{"line":24,"column":4},"end":{"line":24,"column":33}},"16":{"start":{"line":26,"column":4},"end":{"line":26,"column":16}},"17":{"start":{"line":30,"column":13},"end":{"line":32,"column":2}}},"fnMap":{"0":{"name":"(anonymous_0)","decl":{"start":{"line":5,"column":23},"end":{"line":5,"column":28}},"loc":{"start":{"line":5,"column":48},"end":{"line":19,"column":1}}},"1":{"name":"(anonymous_1)","decl":{"start":{"line":21,"column":25},"end":{"line":21,"column":30}},"loc":{"start":{"line":21,"column":71},"end":{"line":28,"column":1}}}},"branchMap":{"0":{"loc":{"start":{"line":11,"column":2},"end":{"line":13,"column":null}},"type":"if","locations":[{"start":{"line":11,"column":2},"end":{"line":13,"column":null}},{"start":{"line":11,"column":2},"end":{"line":13,"column":null}}]}},"s":{"0":0,"1":0,"2":0,"3":0,"4":0,"5":0,"6":0,"7":0,"8":0,"9":0,"10":0,"11":0,"12":0,"13":0,"14":0,"15":0,"16":0,"17":0},"f":{"0":0,"1":0},"b":{"0":[0,0]}}
,"/Users/BRANCO21/Desktop/Dev/community-proxy/src/v1/services/sportplaces/sportplaces.service.ts": {"path":"/Users/BRANCO21/Desktop/Dev/community-proxy/src/v1/services/sportplaces/sportplaces.service.ts","statementMap":{"0":{"start":{"line":2,"column":0},"end":{"line":2,"column":26}},"1":{"start":{"line":3,"column":0},"end":{"line":3,"column":74}},"2":{"start":{"line":5,"column":23},"end":{"line":27,"column":1}},"3":{"start":{"line":6,"column":39},"end":{"line":6,"column":67}},"4":{"start":{"line":7,"column":2},"end":{"line":7,"column":39}},"5":{"start":{"line":7,"column":27},"end":{"line":7,"column":39}},"6":{"start":{"line":9,"column":14},"end":{"line":18,"column":null}},"7":{"start":{"line":20,"column":2},"end":{"line":20,"column":23}},"8":{"start":{"line":22,"column":19},"end":{"line":25,"column":4}},"9":{"start":{"line":26,"column":2},"end":{"line":26,"column":14}},"10":{"start":{"line":29,"column":22},"end":{"line":35,"column":1}},"11":{"start":{"line":30,"column":2},"end":{"line":30,"column":46}},"12":{"start":{"line":31,"column":2},"end":{"line":31,"column":31}},"13":{"start":{"line":31,"column":18},"end":{"line":31,"column":31}},"14":{"start":{"line":32,"column":2},"end":{"line":32,"column":38}},"15":{"start":{"line":32,"column":25},"end":{"line":32,"column":38}},"16":{"start":{"line":33,"column":2},"end":{"line":33,"column":54}},"17":{"start":{"line":33,"column":41},"end":{"line":33,"column":54}},"18":{"start":{"line":34,"column":2},"end":{"line":34,"column":67}},"19":{"start":{"line":37,"column":23},"end":{"line":43,"column":1}},"20":{"start":{"line":38,"column":2},"end":{"line":38,"column":47}},"21":{"start":{"line":39,"column":16},"end":{"line":39,"column":38}},"22":{"start":{"line":40,"column":2},"end":{"line":40,"column":39}},"23":{"start":{"line":40,"column":26},"end":{"line":40,"column":39}},"24":{"start":{"line":41,"column":2},"end":{"line":41,"column":46}},"25":{"start":{"line":41,"column":33},"end":{"line":41,"column":46}},"26":{"start":{"line":42,"column":2},"end":{"line":42,"column":36}},"27":{"start":{"line":45,"column":13},"end":{"line":47,"column":2}}},"fnMap":{"0":{"name":"(anonymous_1)","decl":{"start":{"line":5,"column":23},"end":{"line":5,"column":28}},"loc":{"start":{"line":5,"column":60},"end":{"line":27,"column":1}}},"1":{"name":"(anonymous_2)","decl":{"start":{"line":29,"column":22},"end":{"line":29,"column":23}},"loc":{"start":{"line":29,"column":48},"end":{"line":35,"column":1}}},"2":{"name":"(anonymous_3)","decl":{"start":{"line":37,"column":23},"end":{"line":37,"column":24}},"loc":{"start":{"line":37,"column":56},"end":{"line":43,"column":1}}}},"branchMap":{"0":{"loc":{"start":{"line":7,"column":2},"end":{"line":7,"column":39}},"type":"if","locations":[{"start":{"line":7,"column":2},"end":{"line":7,"column":39}},{"start":{"line":7,"column":2},"end":{"line":7,"column":39}}]},"1":{"loc":{"start":{"line":31,"column":2},"end":{"line":31,"column":31}},"type":"if","locations":[{"start":{"line":31,"column":2},"end":{"line":31,"column":31}},{"start":{"line":31,"column":2},"end":{"line":31,"column":31}}]},"2":{"loc":{"start":{"line":32,"column":2},"end":{"line":32,"column":38}},"type":"if","locations":[{"start":{"line":32,"column":2},"end":{"line":32,"column":38}},{"start":{"line":32,"column":2},"end":{"line":32,"column":38}}]},"3":{"loc":{"start":{"line":33,"column":2},"end":{"line":33,"column":54}},"type":"if","locations":[{"start":{"line":33,"column":2},"end":{"line":33,"column":54}},{"start":{"line":33,"column":2},"end":{"line":33,"column":54}}]},"4":{"loc":{"start":{"line":34,"column":11},"end":{"line":34,"column":28}},"type":"binary-expr","locations":[{"start":{"line":34,"column":11},"end":{"line":34,"column":28}},{"start":{"line":34,"column":32},"end":{"line":34,"column":65}}]},"5":{"loc":{"start":{"line":40,"column":2},"end":{"line":40,"column":39}},"type":"if","locations":[{"start":{"line":40,"column":2},"end":{"line":40,"column":39}},{"start":{"line":40,"column":2},"end":{"line":40,"column":39}}]},"6":{"loc":{"start":{"line":41,"column":2},"end":{"line":41,"column":46}},"type":"if","locations":[{"start":{"line":41,"column":2},"end":{"line":41,"column":46}},{"start":{"line":41,"column":2},"end":{"line":41,"column":46}}]}},"s":{"0":0,"1":0,"2":0,"3":0,"4":0,"5":0,"6":0,"7":0,"8":0,"9":0,"10":0,"11":0,"12":0,"13":0,"14":0,"15":0,"16":0,"17":0,"18":0,"19":0,"20":0,"21":0,"22":0,"23":0,"24":0,"25":0,"26":0,"27":0},"f":{"0":0,"1":0,"2":0},"b":{"0":[0,0],"1":[0,0],"2":[0,0],"3":[0,0],"4":[0,0],"5":[0,0],"6":[0,0]}}
,"/Users/BRANCO21/Desktop/Dev/community-proxy/src/v1/services/sports/sports.service.ts": {"path":"/Users/BRANCO21/Desktop/Dev/community-proxy/src/v1/services/sports/sports.service.ts","statementMap":{"0":{"start":{"line":1,"column":0},"end":{"line":1,"column":26}},"1":{"start":{"line":2,"column":0},"end":{"line":2,"column":60}},"2":{"start":{"line":3,"column":0},"end":{"line":3,"column":74}},"3":{"start":{"line":5,"column":13},"end":{"line":13,"column":2}},"4":{"start":{"line":6,"column":50},"end":{"line":6,"column":78}},"5":{"start":{"line":8,"column":15},"end":{"line":8,"column":60}},"6":{"start":{"line":9,"column":2},"end":{"line":11,"column":null}},"7":{"start":{"line":10,"column":4},"end":{"line":10,"column":73}},"8":{"start":{"line":12,"column":2},"end":{"line":12,"column":16}},"9":{"start":{"line":15,"column":25},"end":{"line":28,"column":1}},"10":{"start":{"line":19,"column":19},"end":{"line":25,"column":4}},"11":{"start":{"line":26,"column":2},"end":{"line":26,"column":57}},"12":{"start":{"line":27,"column":2},"end":{"line":27,"column":14}},"13":{"start":{"line":30,"column":27},"end":{"line":39,"column":1}},"14":{"start":{"line":33,"column":2},"end":{"line":38,"column":null}},"15":{"start":{"line":34,"column":19},"end":{"line":34,"column":51}},"16":{"start":{"line":35,"column":4},"end":{"line":35,"column":30}},"17":{"start":{"line":37,"column":4},"end":{"line":37,"column":16}}},"fnMap":{"0":{"name":"(anonymous_1)","decl":{"start":{"line":5,"column":25},"end":{"line":5,"column":30}},"loc":{"start":{"line":5,"column":50},"end":{"line":13,"column":1}}},"1":{"name":"(anonymous_2)","decl":{"start":{"line":15,"column":25},"end":{"line":15,"column":30}},"loc":{"start":{"line":18,"column":18},"end":{"line":28,"column":1}}},"2":{"name":"(anonymous_3)","decl":{"start":{"line":30,"column":27},"end":{"line":30,"column":32}},"loc":{"start":{"line":32,"column":28},"end":{"line":39,"column":1}}}},"branchMap":{"0":{"loc":{"start":{"line":9,"column":2},"end":{"line":11,"column":null}},"type":"if","locations":[{"start":{"line":9,"column":2},"end":{"line":11,"column":null}},{"start":{"line":9,"column":2},"end":{"line":11,"column":null}}]}},"s":{"0":0,"1":0,"2":0,"3":0,"4":0,"5":0,"6":0,"7":0,"8":0,"9":0,"10":0,"11":0,"12":0,"13":0,"14":0,"15":0,"16":0,"17":0},"f":{"0":0,"1":0,"2":0},"b":{"0":[0,0]}}
,"/Users/BRANCO21/Desktop/Dev/community-proxy/src/v1/services/users/users.services.ts": {"path":"/Users/BRANCO21/Desktop/Dev/community-proxy/src/v1/services/users/users.services.ts","statementMap":{"0":{"start":{"line":1,"column":0},"end":{"line":1,"column":26}},"1":{"start":{"line":2,"column":0},"end":{"line":2,"column":74}},"2":{"start":{"line":4,"column":23},"end":{"line":16,"column":1}},"3":{"start":{"line":5,"column":43},"end":{"line":5,"column":67}},"4":{"start":{"line":6,"column":19},"end":{"line":14,"column":4}},"5":{"start":{"line":15,"column":2},"end":{"line":15,"column":14}},"6":{"start":{"line":18,"column":13},"end":{"line":18,"column":47}}},"fnMap":{"0":{"name":"(anonymous_1)","decl":{"start":{"line":4,"column":23},"end":{"line":4,"column":28}},"loc":{"start":{"line":4,"column":47},"end":{"line":16,"column":1}}}},"branchMap":{},"s":{"0":0,"1":0,"2":0,"3":0,"4":0,"5":0,"6":0},"f":{"0":0},"b":{}}
,"/Users/BRANCO21/Desktop/Dev/community-proxy/src/v1/types/commons.d.ts": {"path":"/Users/BRANCO21/Desktop/Dev/community-proxy/src/v1/types/commons.d.ts","statementMap":{},"fnMap":{},"branchMap":{},"s":{},"f":{},"b":{},"hash":"e00a7cd75c0bda22b03dac9e5daf1e63bdf1ac4e"}
,"/Users/BRANCO21/Desktop/Dev/community-proxy/src/v1/types/missing-modules.d.ts": {"path":"/Users/BRANCO21/Desktop/Dev/community-proxy/src/v1/types/missing-modules.d.ts","statementMap":{},"fnMap":{},"branchMap":{},"s":{},"f":{},"b":{},"hash":"a7f8aae03e10e6b33a6e97025291397e9c04d210"}
}
