TN:
SF:src/helix.api.ts
FN:3,(anonymous_7)
FN:3,(anonymous_8)
FN:12,(anonymous_9)
FN:12,(anonymous_10)
FN:23,(anonymous_11)
FN:31,(anonymous_12)
FN:38,(anonymous_13)
FN:38,(anonymous_14)
FN:47,(anonymous_15)
FN:49,(anonymous_16)
FNF:10
FNH:0
FNDA:0,(anonymous_7)
FNDA:0,(anonymous_8)
FNDA:0,(anonymous_9)
FNDA:0,(anonymous_10)
FNDA:0,(anonymous_11)
FNDA:0,(anonymous_12)
FNDA:0,(anonymous_13)
FNDA:0,(anonymous_14)
FNDA:0,(anonymous_15)
FNDA:0,(anonymous_16)
DA:1,1
DA:3,1
DA:6,1
DA:9,1
DA:12,1
DA:14,0
DA:16,0
DA:21,0
DA:23,0
DA:24,0
DA:26,0
DA:27,0
DA:30,0
DA:32,0
DA:38,1
DA:40,0
DA:42,0
DA:47,0
DA:48,0
DA:50,0
LF:20
LH:6
BRDA:12,0,0,0
BRDA:23,1,0,0
BRDA:23,1,1,0
BRDA:26,2,0,0
BRDA:26,2,1,0
BRF:5
BRH:0
end_of_record
TN:
SF:src/helix.service.ts
FN:17,(anonymous_7)
FN:27,(anonymous_8)
FN:38,(anonymous_9)
FN:40,(anonymous_10)
FN:46,(anonymous_11)
FN:46,(anonymous_12)
FN:48,(anonymous_13)
FN:48,(anonymous_14)
FN:52,(anonymous_15)
FN:58,(anonymous_16)
FN:58,(anonymous_17)
FN:70,(anonymous_18)
FN:71,(anonymous_19)
FN:73,(anonymous_20)
FN:86,(anonymous_21)
FN:87,(anonymous_22)
FN:93,(anonymous_23)
FN:109,(anonymous_24)
FN:110,(anonymous_25)
FN:112,(anonymous_26)
FN:113,(anonymous_27)
FN:18,(anonymous_28)
FNF:22
FNH:4
FNDA:1,(anonymous_7)
FNDA:0,(anonymous_8)
FNDA:0,(anonymous_9)
FNDA:0,(anonymous_10)
FNDA:0,(anonymous_11)
FNDA:0,(anonymous_12)
FNDA:0,(anonymous_13)
FNDA:0,(anonymous_14)
FNDA:0,(anonymous_15)
FNDA:0,(anonymous_16)
FNDA:0,(anonymous_17)
FNDA:1,(anonymous_18)
FNDA:1,(anonymous_19)
FNDA:3,(anonymous_20)
FNDA:0,(anonymous_21)
FNDA:0,(anonymous_22)
FNDA:0,(anonymous_23)
FNDA:0,(anonymous_24)
FNDA:0,(anonymous_25)
FNDA:0,(anonymous_26)
FNDA:0,(anonymous_27)
FNDA:0,(anonymous_28)
DA:1,1
DA:2,1
DA:15,1
DA:17,1
DA:19,0
DA:22,1
DA:23,1
DA:25,1
DA:27,1
DA:28,0
DA:38,1
DA:39,0
DA:40,0
DA:41,0
DA:46,1
DA:47,0
DA:48,0
DA:50,0
DA:51,0
DA:52,0
DA:53,0
DA:54,0
DA:56,0
DA:58,0
DA:59,0
DA:61,0
DA:63,0
DA:70,1
DA:71,1
DA:73,1
DA:74,3
DA:77,1
DA:86,1
DA:87,0
DA:88,0
DA:93,1
DA:95,0
DA:96,0
DA:98,0
DA:100,0
DA:102,0
DA:104,0
DA:109,1
DA:110,0
DA:111,0
DA:113,0
DA:114,0
DA:115,0
LF:48
LH:18
BRDA:59,0,0,0
BRDA:59,0,1,0
BRF:2
BRH:0
end_of_record
TN:
SF:src/server.ts
FN:18,(anonymous_0)
FNF:1
FNH:0
FNDA:0,(anonymous_0)
DA:1,0
DA:2,0
DA:4,0
DA:6,0
DA:8,0
DA:10,0
DA:15,0
DA:16,0
DA:18,0
DA:19,0
DA:20,0
LF:11
LH:0
BRDA:18,0,0,0
BRDA:18,0,1,0
BRF:2
BRH:0
end_of_record
