TN:
SF:src/helix.api.ts
FN:3,(anonymous_7)
FN:3,(anonymous_8)
FN:5,(anonymous_9)
FN:5,(anonymous_10)
FN:16,(anonymous_11)
FN:27,(anonymous_12)
FN:33,(anonymous_13)
FN:33,(anonymous_14)
FN:42,(anonymous_15)
FN:44,(anonymous_16)
FNF:10
FNH:0
FNDA:0,(anonymous_7)
FNDA:0,(anonymous_8)
FNDA:0,(anonymous_9)
FNDA:0,(anonymous_10)
FNDA:0,(anonymous_11)
FNDA:0,(anonymous_12)
FNDA:0,(anonymous_13)
FNDA:0,(anonymous_14)
FNDA:0,(anonymous_15)
FNDA:0,(anonymous_16)
DA:1,1
DA:3,1
DA:5,1
DA:7,0
DA:9,0
DA:14,0
DA:16,0
DA:17,0
DA:18,0
DA:19,0
DA:22,0
DA:23,0
DA:26,0
DA:28,0
DA:33,1
DA:35,0
DA:37,0
DA:42,0
DA:43,0
DA:45,0
LF:20
LH:4
BRDA:5,0,0,0
BRDA:16,1,0,0
BRDA:16,1,1,0
BRDA:18,2,0,0
BRDA:18,2,1,0
BRDA:22,3,0,0
BRDA:22,3,1,0
BRF:7
BRH:0
end_of_record
TN:
SF:src/helix.service.ts
FN:18,(anonymous_7)
FN:25,(anonymous_8)
FN:35,(anonymous_9)
FN:37,(anonymous_10)
FN:42,(anonymous_11)
FN:42,(anonymous_12)
FN:44,(anonymous_13)
FN:44,(anonymous_14)
FN:48,(anonymous_15)
FN:55,(anonymous_16)
FN:55,(anonymous_17)
FN:66,(anonymous_18)
FN:67,(anonymous_19)
FN:69,(anonymous_20)
FN:81,(anonymous_21)
FN:82,(anonymous_22)
FN:87,(anonymous_23)
FN:103,(anonymous_24)
FN:104,(anonymous_25)
FN:106,(anonymous_26)
FN:107,(anonymous_27)
FNF:21
FNH:4
FNDA:1,(anonymous_7)
FNDA:0,(anonymous_8)
FNDA:0,(anonymous_9)
FNDA:0,(anonymous_10)
FNDA:0,(anonymous_11)
FNDA:0,(anonymous_12)
FNDA:0,(anonymous_13)
FNDA:0,(anonymous_14)
FNDA:0,(anonymous_15)
FNDA:0,(anonymous_16)
FNDA:0,(anonymous_17)
FNDA:1,(anonymous_18)
FNDA:1,(anonymous_19)
FNDA:3,(anonymous_20)
FNDA:0,(anonymous_21)
FNDA:0,(anonymous_22)
FNDA:0,(anonymous_23)
FNDA:0,(anonymous_24)
FNDA:0,(anonymous_25)
FNDA:0,(anonymous_26)
FNDA:0,(anonymous_27)
DA:2,1
DA:3,1
DA:16,1
DA:18,1
DA:20,1
DA:21,1
DA:23,1
DA:25,1
DA:26,0
DA:35,1
DA:36,0
DA:37,0
DA:38,0
DA:42,1
DA:43,0
DA:44,0
DA:46,0
DA:47,0
DA:48,0
DA:49,0
DA:50,0
DA:52,0
DA:54,0
DA:55,0
DA:56,0
DA:57,0
DA:58,0
DA:60,0
DA:66,1
DA:67,1
DA:69,1
DA:70,3
DA:73,1
DA:81,1
DA:82,0
DA:83,0
DA:87,1
DA:89,0
DA:90,0
DA:92,0
DA:94,0
DA:96,0
DA:98,0
DA:103,1
DA:104,0
DA:105,0
DA:107,0
DA:108,0
DA:109,0
LF:49
LH:18
BRDA:56,0,0,0
BRDA:56,0,1,0
BRF:2
BRH:0
end_of_record
TN:
SF:src/server.ts
FN:22,(anonymous_0)
FNF:1
FNH:0
FNDA:0,(anonymous_0)
DA:1,0
DA:2,0
DA:4,0
DA:6,0
DA:9,0
DA:13,0
DA:18,0
DA:19,0
DA:22,0
DA:23,0
DA:24,0
LF:11
LH:0
BRDA:22,0,0,0
BRDA:22,0,1,0
BRF:2
BRH:0
end_of_record
